This is XeTeX, Version 3.141592653-2.6-0.999997 (TeX Live 2025) (preloaded format=xelatex 2025.5.15)  20 MAY 2025 12:26
entering extended mode
 restricted \write18 enabled.
 %&-line parsing enabled.
**main.tex
(./main.tex
LaTeX2e <2024-11-01> patch level 2
L3 programming layer <2025-01-18>
(/usr/local/texlive/2025/texmf-dist/tex/latex/base/book.cls
Document Class: book 2024/06/29 v1.4n Standard LaTeX document class
(/usr/local/texlive/2025/texmf-dist/tex/latex/base/bk11.clo
File: bk11.clo 2024/06/29 v1.4n Standard LaTeX file (size option)
)
\c@part=\count192
\c@chapter=\count193
\c@section=\count194
\c@subsection=\count195
\c@subsubsection=\count196
\c@paragraph=\count197
\c@subparagraph=\count198
\c@figure=\count199
\c@table=\count266
\abovecaptionskip=\skip49
\belowcaptionskip=\skip50
\bibindent=\dimen141
)
(/usr/local/texlive/2025/texmf-dist/tex/latex/base/inputenc.sty
Package: inputenc 2024/02/08 v1.3d Input encoding file
\inpenc@prehook=\toks17
\inpenc@posthook=\toks18


Package inputenc Warning: inputenc package ignored with utf8 based engines.

) (/usr/local/texlive/2025/texmf-dist/tex/latex/amsmath/amsmath.sty
Package: amsmath 2024/11/05 v2.17t AMS math features
\@mathmargin=\skip51

For additional information on amsmath, use the `?' option.
(/usr/local/texlive/2025/texmf-dist/tex/latex/amsmath/amstext.sty
Package: amstext 2021/08/26 v2.01 AMS text

(/usr/local/texlive/2025/texmf-dist/tex/latex/amsmath/amsgen.sty
File: amsgen.sty 1999/11/30 v2.0 generic functions
\@emptytoks=\toks19
\ex@=\dimen142
))
(/usr/local/texlive/2025/texmf-dist/tex/latex/amsmath/amsbsy.sty
Package: amsbsy 1999/11/29 v1.2d Bold Symbols
\pmbraise@=\dimen143
)
(/usr/local/texlive/2025/texmf-dist/tex/latex/amsmath/amsopn.sty
Package: amsopn 2022/04/08 v2.04 operator names
)
\inf@bad=\count267
LaTeX Info: Redefining \frac on input line 233.
\uproot@=\count268
\leftroot@=\count269
LaTeX Info: Redefining \overline on input line 398.
LaTeX Info: Redefining \colon on input line 409.
\classnum@=\count270
\DOTSCASE@=\count271
LaTeX Info: Redefining \ldots on input line 495.
LaTeX Info: Redefining \dots on input line 498.
LaTeX Info: Redefining \cdots on input line 619.
\Mathstrutbox@=\box52
\strutbox@=\box53
LaTeX Info: Redefining \big on input line 721.
LaTeX Info: Redefining \Big on input line 722.
LaTeX Info: Redefining \bigg on input line 723.
LaTeX Info: Redefining \Bigg on input line 724.
\big@size=\dimen144
LaTeX Font Info:    Redeclaring font encoding OML on input line 742.
LaTeX Font Info:    Redeclaring font encoding OMS on input line 743.
\macc@depth=\count272
LaTeX Info: Redefining \bmod on input line 904.
LaTeX Info: Redefining \pmod on input line 909.
LaTeX Info: Redefining \smash on input line 939.
LaTeX Info: Redefining \relbar on input line 969.
LaTeX Info: Redefining \Relbar on input line 970.
\c@MaxMatrixCols=\count273
\dotsspace@=\muskip17
\c@parentequation=\count274
\dspbrk@lvl=\count275
\tag@help=\toks20
\row@=\count276
\column@=\count277
\maxfields@=\count278
\andhelp@=\toks21
\eqnshift@=\dimen145
\alignsep@=\dimen146
\tagshift@=\dimen147
\tagwidth@=\dimen148
\totwidth@=\dimen149
\lineht@=\dimen150
\@envbody=\toks22
\multlinegap=\skip52
\multlinetaggap=\skip53
\mathdisplay@stack=\toks23
LaTeX Info: Redefining \[ on input line 2953.
LaTeX Info: Redefining \] on input line 2954.
)
(/usr/local/texlive/2025/texmf-dist/tex/latex/amsfonts/amsfonts.sty
Package: amsfonts 2013/01/14 v3.01 Basic AMSFonts support
\symAMSa=\mathgroup4
\symAMSb=\mathgroup5
LaTeX Font Info:    Redeclaring math symbol \hbar on input line 98.
LaTeX Font Info:    Overwriting math alphabet `\mathfrak' in version `bold'
(Font)                  U/euf/m/n --> U/euf/b/n on input line 106.
)
(/usr/local/texlive/2025/texmf-dist/tex/latex/amsfonts/amssymb.sty
Package: amssymb 2013/01/14 v3.01 AMS font symbols
)
(/usr/local/texlive/2025/texmf-dist/tex/latex/mhchem/mhchem.sty
Package: mhchem 2024/01/29 v4.10 for typesetting chemical formulae

(/usr/local/texlive/2025/texmf-dist/tex/latex/l3kernel/expl3.sty
Package: expl3 2025-01-18 L3 programming layer (loader) 

(/usr/local/texlive/2025/texmf-dist/tex/latex/l3backend/l3backend-xetex.def
File: l3backend-xetex.def 2024-05-08 L3 backend support: XeTeX
\g__graphics_track_int=\count279
\l__pdf_internal_box=\box54
\g__pdf_backend_annotation_int=\count280
\g__pdf_backend_link_int=\count281
))
(/usr/local/texlive/2025/texmf-dist/tex/latex/l3packages/l3keys2e/l3keys2e.sty
Package: l3keys2e 2024-08-16 LaTeX2e option processing using LaTeX3 keys
) (/usr/local/texlive/2025/texmf-dist/tex/latex/tools/calc.sty
Package: calc 2023/07/08 v4.3 Infix arithmetic (KKT,FJ)
\calc@Acount=\count282
\calc@Bcount=\count283
\calc@Adimen=\dimen151
\calc@Bdimen=\dimen152
\calc@Askip=\skip54
\calc@Bskip=\skip55
LaTeX Info: Redefining \setlength on input line 80.
LaTeX Info: Redefining \addtolength on input line 81.
\calc@Ccount=\count284
\calc@Cskip=\skip56
)
(/usr/local/texlive/2025/texmf-dist/tex/latex/chemgreek/chemgreek.sty
(/usr/local/texlive/2025/texmf-dist/tex/latex/l3packages/xparse/xparse.sty
Package: xparse 2024-08-16 L3 Experimental document command parser
)
Package: chemgreek 2020/01/16 v1.1a interface for upright Greek letters for use
 in chemistry (CN)
\l__chemgreek_tmpa_int=\count285
\g__chemgreek_tmpa_int=\count286
)
(/usr/local/texlive/2025/texmf-dist/tex/latex/graphics/graphics.sty
Package: graphics 2024/08/06 v1.4g Standard LaTeX Graphics (DPC,SPQR)

(/usr/local/texlive/2025/texmf-dist/tex/latex/graphics/trig.sty
Package: trig 2023/12/02 v1.11 sin cos tan (DPC)
)
(/usr/local/texlive/2025/texmf-dist/tex/latex/graphics-cfg/graphics.cfg
File: graphics.cfg 2016/06/04 v1.11 sample graphics configuration
)
Package graphics Info: Driver file: xetex.def on input line 106.

(/usr/local/texlive/2025/texmf-dist/tex/latex/graphics-def/xetex.def
File: xetex.def 2022/09/22 v5.0n Graphics/color driver for xetex
))
\l__mhchem_ce_distanceFromLastComma_int=\count287
\__mhchem_arrow_extPgfLength_skip=\skip57
\mhchem@minispace@tmp=\skip58
\mhchem@minibackspace@tmp=\skip59
\mhchem@bondwidth=\skip60
\mhchem@bondheight=\skip61
\mhchem@smallbondwidth@tmpA=\skip62
\mhchem@smallbondwidth@tmpB=\skip63
\mhchem@smallbondwidth=\skip64
\mhchem@bondtmp@minussidebearingleft=\skip65
\mhchem@bondtmp@minussidebearingright=\skip66
\l__mhchem_option_version_int=\count288
\mhchem@option@minusmathsidebearingleft=\dimen153
\mhchem@option@minusmathsidebearingright=\dimen154
\mhchem@option@minustextsidebearingleft=\dimen155
\mhchem@option@minustextsidebearingright=\dimen156
)
(/usr/local/texlive/2025/texmf-dist/tex/latex/extpfeil/extpfeil.sty
Package: extpfeil 2009/10/31 v0.4 Extensible Pfeile (PE)

(/usr/local/texlive/2025/texmf-dist/tex/latex/mathtools/mathtools.sty
Package: mathtools 2024/10/04 v1.31 mathematical typesetting tools

(/usr/local/texlive/2025/texmf-dist/tex/latex/graphics/keyval.sty
Package: keyval 2022/05/29 v1.15 key=value parser (DPC)
\KV@toks@=\toks24
)
(/usr/local/texlive/2025/texmf-dist/tex/latex/mathtools/mhsetup.sty
Package: mhsetup 2021/03/18 v1.4 programming setup (MH)
)
\g_MT_multlinerow_int=\count289
\l_MT_multwidth_dim=\dimen157
\origjot=\skip67
\l_MT_shortvdotswithinadjustabove_dim=\dimen158
\l_MT_shortvdotswithinadjustbelow_dim=\dimen159
\l_MT_above_intertext_sep=\dimen160
\l_MT_below_intertext_sep=\dimen161
\l_MT_above_shortintertext_sep=\dimen162
\l_MT_below_shortintertext_sep=\dimen163
\xmathstrut@box=\box55
\xmathstrut@dim=\dimen164
)
(/usr/local/texlive/2025/texmf-dist/tex/latex/stmaryrd/stmaryrd.sty
Package: stmaryrd 1994/03/03 St Mary's Road symbol package
\symstmry=\mathgroup6
LaTeX Font Info:    Overwriting symbol font `stmry' in version `bold'
(Font)                  U/stmry/m/n --> U/stmry/b/n on input line 89.
))
(/usr/local/texlive/2025/texmf-dist/tex/latex/graphics/graphicx.sty
Package: graphicx 2021/09/16 v1.2d Enhanced LaTeX Graphics (DPC,SPQR)
\Gin@req@height=\dimen165
\Gin@req@width=\dimen166
)
(/usr/local/texlive/2025/texmf-dist/tex/latex/adjustbox/adjustbox.sty
Package: adjustbox 2025/02/26 v1.3c Adjusting TeX boxes (trim, clip, ...)

(/usr/local/texlive/2025/texmf-dist/tex/latex/xkeyval/xkeyval.sty
Package: xkeyval 2022/06/16 v2.9 package option processing (HA)

(/usr/local/texlive/2025/texmf-dist/tex/generic/xkeyval/xkeyval.tex
(/usr/local/texlive/2025/texmf-dist/tex/generic/xkeyval/xkvutils.tex
\XKV@toks=\toks25
\XKV@tempa@toks=\toks26
)
\XKV@depth=\count290
File: xkeyval.tex 2014/12/03 v2.7a key=value parser (HA)
))
(/usr/local/texlive/2025/texmf-dist/tex/latex/adjustbox/adjcalc.sty
Package: adjcalc 2012/05/16 v1.1 Provides advanced setlength with multiple back
-ends (calc, etex, pgfmath)
)
(/usr/local/texlive/2025/texmf-dist/tex/latex/adjustbox/trimclip.sty
Package: trimclip 2025/02/21 v1.2a Trim and clip general TeX material

(/usr/local/texlive/2025/texmf-dist/tex/latex/collectbox/collectbox.sty
Package: collectbox 2022/10/17 v0.4c Collect macro arguments as boxes
\collectedbox=\box56
)
\tc@llx=\dimen167
\tc@lly=\dimen168
\tc@urx=\dimen169
\tc@ury=\dimen170
Package trimclip Info: Using driver 'tc-xetex.def'.

(/usr/local/texlive/2025/texmf-dist/tex/latex/adjustbox/tc-xetex.def
File: tc-xetex.def 2019/01/04 v2.2 Clipping driver for xetex
))
\adjbox@Width=\dimen171
\adjbox@Height=\dimen172
\adjbox@Depth=\dimen173
\adjbox@Totalheight=\dimen174
\adjbox@pwidth=\dimen175
\adjbox@pheight=\dimen176
\adjbox@pdepth=\dimen177
\adjbox@ptotalheight=\dimen178

(/usr/local/texlive/2025/texmf-dist/tex/latex/ifoddpage/ifoddpage.sty
Package: ifoddpage 2022/10/18 v1.2 Conditionals for odd/even page detection
\c@checkoddpage=\count291
)
(/usr/local/texlive/2025/texmf-dist/tex/latex/varwidth/varwidth.sty
Package: varwidth 2009/03/30 ver 0.92;  Variable-width minipages
\@vwid@box=\box57
\sift@deathcycles=\count292
\@vwid@loff=\dimen179
\@vwid@roff=\dimen180
))
(/usr/local/texlive/2025/texmf-dist/tex/latex/multirow/multirow.sty
Package: multirow 2024/11/12 v2.9 Span multiple rows of a table
\multirow@colwidth=\skip68
\multirow@cntb=\count293
\multirow@dima=\skip69
\bigstrutjot=\dimen181
)
(/usr/local/texlive/2025/texmf-dist/tex/latex/fvextra/fvextra.sty
Package: fvextra 2025/03/04 v1.12.0 fvextra - extensions and patches for fancyv
rb

(/usr/local/texlive/2025/texmf-dist/tex/latex/etoolbox/etoolbox.sty
Package: etoolbox 2025/02/11 v2.5l e-TeX tools for LaTeX (JAW)
\etb@tempcnta=\count294
)
(/usr/local/texlive/2025/texmf-dist/tex/latex/fancyvrb/fancyvrb.sty
Package: fancyvrb 2024/01/20 4.5c verbatim text (tvz,hv)
\FV@CodeLineNo=\count295
\FV@InFile=\read2
\FV@TabBox=\box58
\c@FancyVerbLine=\count296
\FV@StepNumber=\count297
\FV@OutFile=\write3
)
(/usr/local/texlive/2025/texmf-dist/tex/generic/pdftexcmds/pdftexcmds.sty
Package: pdftexcmds 2020-06-27 v0.33 Utility functions of pdfTeX for LuaTeX (HO
)

(/usr/local/texlive/2025/texmf-dist/tex/generic/infwarerr/infwarerr.sty
Package: infwarerr 2019/12/03 v1.5 Providing info/warning/error messages (HO)
)
(/usr/local/texlive/2025/texmf-dist/tex/generic/iftex/iftex.sty
Package: iftex 2024/12/12 v1.0g TeX engine tests
)
(/usr/local/texlive/2025/texmf-dist/tex/generic/ltxcmds/ltxcmds.sty
Package: ltxcmds 2023-12-04 v1.26 LaTeX kernel commands for general use (HO)
)
Package pdftexcmds Info: \pdf@primitive is available.
Package pdftexcmds Info: \pdf@ifprimitive is available.
Package pdftexcmds Info: \pdfdraftmode not found.
)
(/usr/local/texlive/2025/texmf-dist/tex/latex/upquote/upquote.sty
Package: upquote 2012/04/19 v1.3 upright-quote and grave-accent glyphs in verba
tim

(/usr/local/texlive/2025/texmf-dist/tex/latex/base/textcomp.sty
Package: textcomp 2024/04/24 v2.1b Standard LaTeX package
))
(/usr/local/texlive/2025/texmf-dist/tex/latex/lineno/lineno.sty
Package: lineno 2025/01/29 line numbers on paragraphs v5.4

(/usr/local/texlive/2025/texmf-dist/tex/latex/kvoptions/kvoptions.sty
Package: kvoptions 2022-06-15 v3.15 Key value format for package options (HO)

(/usr/local/texlive/2025/texmf-dist/tex/latex/kvsetkeys/kvsetkeys.sty
Package: kvsetkeys 2022-10-05 v1.19 Key value parser (HO)
))
\linenopenalty=\count298
\output=\toks27
\linenoprevgraf=\count299
\linenumbersep=\dimen182
\linenumberwidth=\dimen183
\c@linenumber=\count300
\c@pagewiselinenumber=\count301
\c@LN@truepage=\count302
\c@internallinenumber=\count303
\c@internallinenumbers=\count304
\quotelinenumbersep=\dimen184
\bframerule=\dimen185
\bframesep=\dimen186
\bframebox=\box59
\@LN@amsmath@ams@eqpen=\count305
LaTeX Info: Redefining \\ on input line 3187.
)
\c@FancyVerbWriteLine=\count306
\c@FancyVerbBufferLine=\count307
\c@FV@TrueTabGroupLevel=\count308
\c@FV@TrueTabCounter=\count309
\FV@TabBox@Group=\box60
\FV@bgcolorstructbox=\box61
\FV@TmpLength=\skip70
\c@FV@HighlightLinesStart=\count310
\c@FV@HighlightLinesStop=\count311
\FV@LoopCount=\count312
\FV@NCharsBox=\box62
\FV@BreakIndent=\dimen187
\FV@BreakIndentNChars=\count313
\FV@BreakSymbolSepLeft=\dimen188
\FV@BreakSymbolSepLeftNChars=\count314
\FV@BreakSymbolSepRight=\dimen189
\FV@BreakSymbolSepRightNChars=\count315
\FV@BreakSymbolIndentLeft=\dimen190
\FV@BreakSymbolIndentLeftNChars=\count316
\FV@BreakSymbolIndentRight=\dimen191
\FV@BreakSymbolIndentRightNChars=\count317
\c@FancyVerbLineBreakLast=\count318
\FV@LineBox=\box63
\FV@LineIndentBox=\box64
\c@FV@BreakBufferDepth=\count319
\FV@LineWidth=\dimen192
)
(/usr/local/texlive/2025/texmf-dist/tex/latex/csquotes/csquotes.sty
Package: csquotes 2024-04-04 v5.2o context-sensitive quotations (JAW)
\csq@reset=\count320
\csq@gtype=\count321
\csq@glevel=\count322
\csq@qlevel=\count323
\csq@maxlvl=\count324
\csq@tshold=\count325
\csq@ltx@everypar=\toks28

(/usr/local/texlive/2025/texmf-dist/tex/latex/csquotes/csquotes.def
File: csquotes.def 2024-04-04 v5.2o csquotes generic definitions (JAW)
)
Package csquotes Info: Trying to load configuration file 'csquotes.cfg'...
Package csquotes Info: ... configuration file loaded successfully.

(/usr/local/texlive/2025/texmf-dist/tex/latex/csquotes/csquotes.cfg
File: csquotes.cfg 
))
(/usr/local/texlive/2025/texmf-dist/tex/xelatex/xecjk/xeCJK.sty
Package: xeCJK 2022/08/05 v3.9.1 Typesetting CJK scripts with XeLaTeX

(/usr/local/texlive/2025/texmf-dist/tex/latex/ctex/ctexhook.sty
Package: ctexhook 2022/07/14 v2.5.10 Document and package hooks (CTEX)
)
(/usr/local/texlive/2025/texmf-dist/tex/latex/l3packages/xtemplate/xtemplate.st
y
Package: xtemplate 2024-08-16 L3 Experimental prototype document functions
)
\l__xeCJK_tmp_int=\count326
\l__xeCJK_tmp_box=\box65
\l__xeCJK_tmp_dim=\dimen193
\l__xeCJK_tmp_skip=\skip71
\g__xeCJK_space_factor_int=\count327
\l__xeCJK_begin_int=\count328
\l__xeCJK_end_int=\count329
\c__xeCJK_CJK_class_int=\XeTeXcharclass1
\c__xeCJK_FullLeft_class_int=\XeTeXcharclass2
\c__xeCJK_FullRight_class_int=\XeTeXcharclass3
\c__xeCJK_HalfLeft_class_int=\XeTeXcharclass4
\c__xeCJK_HalfRight_class_int=\XeTeXcharclass5
\c__xeCJK_NormalSpace_class_int=\XeTeXcharclass6
\c__xeCJK_CM_class_int=\XeTeXcharclass7
\c__xeCJK_HangulJamo_class_int=\XeTeXcharclass8
\l__xeCJK_last_skip=\skip72
\c__xeCJK_none_node=\count330
\g__xeCJK_node_int=\count331
\c__xeCJK_CJK_node_dim=\dimen194
\c__xeCJK_CJK-space_node_dim=\dimen195
\c__xeCJK_default_node_dim=\dimen196
\c__xeCJK_CJK-widow_node_dim=\dimen197
\c__xeCJK_normalspace_node_dim=\dimen198
\c__xeCJK_default-space_node_skip=\skip73
\l__xeCJK_ccglue_skip=\skip74
\l__xeCJK_ecglue_skip=\skip75
\l__xeCJK_punct_kern_skip=\skip76
\l__xeCJK_indent_box=\box66
\l__xeCJK_last_penalty_int=\count332
\l__xeCJK_last_bound_dim=\dimen199
\l__xeCJK_last_kern_dim=\dimen256
\l__xeCJK_widow_penalty_int=\count333

LaTeX template Info: Declaring template type 'xeCJK/punctuation' taking 0
(template)           argument(s) on line 2396.

\l__xeCJK_fixed_punct_width_dim=\dimen257
\l__xeCJK_mixed_punct_width_dim=\dimen258
\l__xeCJK_middle_punct_width_dim=\dimen259
\l__xeCJK_fixed_margin_width_dim=\dimen260
\l__xeCJK_mixed_margin_width_dim=\dimen261
\l__xeCJK_middle_margin_width_dim=\dimen262
\l__xeCJK_bound_punct_width_dim=\dimen263
\l__xeCJK_bound_margin_width_dim=\dimen264
\l__xeCJK_margin_minimum_dim=\dimen265
\l__xeCJK_kerning_total_width_dim=\dimen266
\l__xeCJK_same_align_margin_dim=\dimen267
\l__xeCJK_different_align_margin_dim=\dimen268
\l__xeCJK_kerning_margin_width_dim=\dimen269
\l__xeCJK_kerning_margin_minimum_dim=\dimen270
\l__xeCJK_bound_dim=\dimen271
\l__xeCJK_reverse_bound_dim=\dimen272
\l__xeCJK_margin_dim=\dimen273
\l__xeCJK_minimum_bound_dim=\dimen274
\l__xeCJK_kerning_margin_dim=\dimen275
\g__xeCJK_family_int=\count334
\l__xeCJK_fam_int=\count335
\g__xeCJK_fam_allocation_int=\count336
\l__xeCJK_verb_case_int=\count337
\l__xeCJK_verb_exspace_skip=\skip77
 (/usr/local/texlive/2025/texmf-dist/tex/latex/fontspec/fontspec.sty
Package: fontspec 2024/05/11 v2.9e Font selection for XeLaTeX and LuaLaTeX

(/usr/local/texlive/2025/texmf-dist/tex/latex/fontspec/fontspec-xetex.sty
Package: fontspec-xetex 2024/05/11 v2.9e Font selection for XeLaTeX and LuaLaTe
X
\l__fontspec_script_int=\count338
\l__fontspec_language_int=\count339
\l__fontspec_strnum_int=\count340
\l__fontspec_tmp_int=\count341
\l__fontspec_tmpa_int=\count342
\l__fontspec_tmpb_int=\count343
\l__fontspec_tmpc_int=\count344
\l__fontspec_em_int=\count345
\l__fontspec_emdef_int=\count346
\l__fontspec_strong_int=\count347
\l__fontspec_strongdef_int=\count348
\l__fontspec_tmpa_dim=\dimen276
\l__fontspec_tmpb_dim=\dimen277
\l__fontspec_tmpc_dim=\dimen278

(/usr/local/texlive/2025/texmf-dist/tex/latex/base/fontenc.sty
Package: fontenc 2021/04/29 v2.0v Standard LaTeX package
)
(/usr/local/texlive/2025/texmf-dist/tex/latex/fontspec/fontspec.cfg)))
(/usr/local/texlive/2025/texmf-dist/tex/xelatex/xecjk/xeCJK.cfg
File: xeCJK.cfg 2022/08/05 v3.9.1 Configuration file for xeCJK package
))
(/usr/local/texlive/2025/texmf-dist/tex/latex/polyglossia/polyglossia.sty
Package: polyglossia 2025/01/31 v2.4 Modern multilingual typesetting with XeLaT
eX and LuaLaTeX
\l_xpg_alias_keyvals_int=\count349

(/usr/local/texlive/2025/texmf-dist/tex/latex/polyglossia/gloss-latex.ldf
File: gloss-latex.ldf polyglossia: module for default language
))
(/usr/local/texlive/2025/texmf-dist/tex/latex/geometry/geometry.sty
Package: geometry 2020/01/02 v5.9 Page Geometry

(/usr/local/texlive/2025/texmf-dist/tex/generic/iftex/ifvtex.sty
Package: ifvtex 2019/10/25 v1.7 ifvtex legacy package. Use iftex instead.
)
\Gm@cnth=\count350
\Gm@cntv=\count351
\c@Gm@tempcnt=\count352
\Gm@bindingoffset=\dimen279
\Gm@wd@mp=\dimen280
\Gm@odd@mp=\dimen281
\Gm@even@mp=\dimen282
\Gm@layoutwidth=\dimen283
\Gm@layoutheight=\dimen284
\Gm@layouthoffset=\dimen285
\Gm@layoutvoffset=\dimen286
\Gm@dimlist=\toks29
)
(/usr/local/texlive/2025/texmf-dist/tex/latex/fancyhdr/fancyhdr.sty
Package: fancyhdr 2025/02/07 v5.2 Extensive control of page headers and footers

\f@nch@headwidth=\skip78
\f@nch@offset@elh=\skip79
\f@nch@offset@erh=\skip80
\f@nch@offset@olh=\skip81
\f@nch@offset@orh=\skip82
\f@nch@offset@elf=\skip83
\f@nch@offset@erf=\skip84
\f@nch@offset@olf=\skip85
\f@nch@offset@orf=\skip86
\f@nch@height=\skip87
\f@nch@footalignment=\skip88
\f@nch@widthL=\skip89
\f@nch@widthC=\skip90
\f@nch@widthR=\skip91
\@temptokenb=\toks30
)
(/usr/local/texlive/2025/texmf-dist/tex/latex/titlesec/titlesec.sty
Package: titlesec 2025/01/04 v2.17 Sectioning titles
\ttl@box=\box67
\beforetitleunit=\skip92
\aftertitleunit=\skip93
\ttl@plus=\dimen287
\ttl@minus=\dimen288
\ttl@toksa=\toks31
\titlewidth=\dimen289
\titlewidthlast=\dimen290
\titlewidthfirst=\dimen291
)
(/usr/local/texlive/2025/texmf-dist/tex/latex/tools/indentfirst.sty
Package: indentfirst 2023/07/02 v1.03 Indent first paragraph (DPC)
)
(/usr/local/texlive/2025/texmf-dist/tex/latex/setspace/setspace.sty
Package: setspace 2022/12/04 v6.7b set line spacing
)
(/usr/local/texlive/2025/texmf-dist/tex/latex/xcolor/xcolor.sty
Package: xcolor 2024/09/29 v3.02 LaTeX color extensions (UK)

(/usr/local/texlive/2025/texmf-dist/tex/latex/graphics-cfg/color.cfg
File: color.cfg 2016/01/02 v1.6 sample color configuration
)
Package xcolor Info: Driver file: xetex.def on input line 274.

(/usr/local/texlive/2025/texmf-dist/tex/latex/graphics/mathcolor.ltx)
Package xcolor Info: Model `cmy' substituted by `cmy0' on input line 1349.
Package xcolor Info: Model `RGB' extended on input line 1365.
Package xcolor Info: Model `HTML' substituted by `rgb' on input line 1367.
Package xcolor Info: Model `Hsb' substituted by `hsb' on input line 1368.
Package xcolor Info: Model `tHsb' substituted by `hsb' on input line 1369.
Package xcolor Info: Model `HSB' substituted by `hsb' on input line 1370.
Package xcolor Info: Model `Gray' substituted by `gray' on input line 1371.
Package xcolor Info: Model `wave' substituted by `hsb' on input line 1372.
)
(/usr/local/texlive/2025/texmf-dist/tex/latex/biblatex/biblatex.sty
Package: biblatex 2024/03/21 v3.20 programmable bibliographies (PK/MW)

(/usr/local/texlive/2025/texmf-dist/tex/latex/logreq/logreq.sty
Package: logreq 2010/08/04 v1.0 xml request logger
\lrq@indent=\count353

(/usr/local/texlive/2025/texmf-dist/tex/latex/logreq/logreq.def
File: logreq.def 2010/08/04 v1.0 logreq spec v1.0
))
(/usr/local/texlive/2025/texmf-dist/tex/latex/base/ifthen.sty
Package: ifthen 2024/03/16 v1.1e Standard LaTeX ifthen package (DPC)
)
(/usr/local/texlive/2025/texmf-dist/tex/latex/url/url.sty
\Urlmuskip=\muskip18
Package: url 2013/09/16  ver 3.4  Verb mode for urls, etc.
)
\c@tabx@nest=\count354
\c@listtotal=\count355
\c@listcount=\count356
\c@liststart=\count357
\c@liststop=\count358
\c@citecount=\count359
\c@citetotal=\count360
\c@multicitecount=\count361
\c@multicitetotal=\count362
\c@instcount=\count363
\c@maxnames=\count364
\c@minnames=\count365
\c@maxitems=\count366
\c@minitems=\count367
\c@citecounter=\count368
\c@maxcitecounter=\count369
\c@savedcitecounter=\count370
\c@uniquelist=\count371
\c@uniquename=\count372
\c@refsection=\count373
\c@refsegment=\count374
\c@maxextratitle=\count375
\c@maxextratitleyear=\count376
\c@maxextraname=\count377
\c@maxextradate=\count378
\c@maxextraalpha=\count379
\c@abbrvpenalty=\count380
\c@highnamepenalty=\count381
\c@lownamepenalty=\count382
\c@maxparens=\count383
\c@parenlevel=\count384
\blx@tempcnta=\count385
\blx@tempcntb=\count386
\blx@tempcntc=\count387
\c@blx@maxsection=\count388
\blx@maxsegment@0=\count389
\blx@notetype=\count390
\blx@parenlevel@text=\count391
\blx@parenlevel@foot=\count392
\blx@sectionciteorder@0=\count393
\blx@sectionciteorderinternal@0=\count394
\blx@entrysetcounter=\count395
\blx@biblioinstance=\count396
\labelnumberwidth=\skip94
\labelalphawidth=\skip95
\biblabelsep=\skip96
\bibitemsep=\skip97
\bibnamesep=\skip98
\bibinitsep=\skip99
\bibparsep=\skip100
\bibhang=\skip101
\blx@bcfin=\read3
\blx@bcfout=\write4
\blx@langwohyphens=\language90
\c@mincomprange=\count397
\c@maxcomprange=\count398
\c@mincompwidth=\count399
Package biblatex Info: Trying to load biblatex default data model...
Package biblatex Info: ... file 'blx-dm.def' found.

(/usr/local/texlive/2025/texmf-dist/tex/latex/biblatex/blx-dm.def
File: blx-dm.def 2024/03/21 v3.20 biblatex datamodel (PK/MW)
)
Package biblatex Info: Trying to load biblatex style data model...
Package biblatex Info: ... file 'gb7714-2015.dbx' not found.
Package biblatex Info: Trying to load biblatex custom data model...
Package biblatex Info: ... file 'biblatex-dm.cfg' not found.
\c@afterword=\count400
\c@savedafterword=\count401
\c@annotator=\count402
\c@savedannotator=\count403
\c@author=\count404
\c@savedauthor=\count405
\c@bookauthor=\count406
\c@savedbookauthor=\count407
\c@commentator=\count408
\c@savedcommentator=\count409
\c@editor=\count410
\c@savededitor=\count411
\c@editora=\count412
\c@savededitora=\count413
\c@editorb=\count414
\c@savededitorb=\count415
\c@editorc=\count416
\c@savededitorc=\count417
\c@foreword=\count418
\c@savedforeword=\count419
\c@holder=\count420
\c@savedholder=\count421
\c@introduction=\count422
\c@savedintroduction=\count423
\c@namea=\count424
\c@savednamea=\count425
\c@nameb=\count426
\c@savednameb=\count427
\c@namec=\count428
\c@savednamec=\count429
\c@translator=\count430
\c@savedtranslator=\count431
\c@shortauthor=\count432
\c@savedshortauthor=\count433
\c@shorteditor=\count434
\c@savedshorteditor=\count435
\c@labelname=\count436
\c@savedlabelname=\count437
\c@institution=\count438
\c@savedinstitution=\count439
\c@lista=\count440
\c@savedlista=\count441
\c@listb=\count442
\c@savedlistb=\count443
\c@listc=\count444
\c@savedlistc=\count445
\c@listd=\count446
\c@savedlistd=\count447
\c@liste=\count448
\c@savedliste=\count449
\c@listf=\count450
\c@savedlistf=\count451
\c@location=\count452
\c@savedlocation=\count453
\c@organization=\count454
\c@savedorganization=\count455
\c@origlocation=\count456
\c@savedoriglocation=\count457
\c@origpublisher=\count458
\c@savedorigpublisher=\count459
\c@publisher=\count460
\c@savedpublisher=\count461
\c@language=\count462
\c@savedlanguage=\count463
\c@origlanguage=\count464
\c@savedoriglanguage=\count465
\c@pageref=\count466
\c@savedpageref=\count467
\shorthandwidth=\skip102
\shortjournalwidth=\skip103
\shortserieswidth=\skip104
\shorttitlewidth=\skip105
\shortauthorwidth=\skip106
\shorteditorwidth=\skip107
\locallabelnumberwidth=\skip108
\locallabelalphawidth=\skip109
\localshorthandwidth=\skip110
\localshortjournalwidth=\skip111
\localshortserieswidth=\skip112
\localshorttitlewidth=\skip113
\localshortauthorwidth=\skip114
\localshorteditorwidth=\skip115
Package biblatex Info: Trying to load enhanced support for Unicode engines...
Package biblatex Info: ... file 'blx-unicode.def' found.

(/usr/local/texlive/2025/texmf-dist/tex/latex/biblatex/blx-unicode.def)
Package biblatex Info: Trying to load compatibility code...
Package biblatex Info: ... file 'blx-compat.def' found.

(/usr/local/texlive/2025/texmf-dist/tex/latex/biblatex/blx-compat.def
File: blx-compat.def 2024/03/21 v3.20 biblatex compatibility (PK/MW)
)
Package biblatex Info: Trying to load generic definitions...
Package biblatex Info: ... file 'biblatex.def' found.

(/usr/local/texlive/2025/texmf-dist/tex/latex/biblatex/biblatex.def
File: biblatex.def 2024/03/21 v3.20 biblatex compatibility (PK/MW)
\c@textcitecount=\count468
\c@textcitetotal=\count469
\c@textcitemaxnames=\count470
\c@biburlbigbreakpenalty=\count471
\c@biburlbreakpenalty=\count472
\c@biburlnumpenalty=\count473
\c@biburlucpenalty=\count474
\c@biburllcpenalty=\count475
\biburlbigskip=\muskip19
\biburlnumskip=\muskip20
\biburlucskip=\muskip21
\biburllcskip=\muskip22
\c@smartand=\count476
)
Package biblatex Info: Trying to load bibliography style 'gb7714-2015'...
Package biblatex Info: ... file 'gb7714-2015.bbx' found.

(/usr/local/texlive/2025/texmf-dist/tex/latex/biblatex-gb7714-2015/gb7714-2015.
bbx
File: gb7714-2015.bbx 2025/03/03 v1.1tbiblatex bibliography style
Package biblatex Info: Trying to load bibliography style 'numeric-comp'...
Package biblatex Info: ... file 'numeric-comp.bbx' found.
 (/usr/local/texlive/2025/texmf-dist/tex/latex/biblatex/bbx/numeric-comp.bbx
File: numeric-comp.bbx 2024/03/21 v3.20 biblatex bibliography style (PK/MW)
Package biblatex Info: Trying to load bibliography style 'numeric'...
Package biblatex Info: ... file 'numeric.bbx' found.
(/usr/local/texlive/2025/texmf-dist/tex/latex/biblatex/bbx/numeric.bbx
File: numeric.bbx 2024/03/21 v3.20 biblatex bibliography style (PK/MW)
Package biblatex Info: Trying to load bibliography style 'standard'...
Package biblatex Info: ... file 'standard.bbx' found.

(/usr/local/texlive/2025/texmf-dist/tex/latex/biblatex/bbx/standard.bbx
File: standard.bbx 2024/03/21 v3.20 biblatex bibliography style (PK/MW)
\c@bbx:relatedcount=\count477
\c@bbx:relatedtotal=\count478
)))
(/usr/local/texlive/2025/texmf-dist/tex/generic/xstring/xstring.sty
(/usr/local/texlive/2025/texmf-dist/tex/generic/xstring/xstring.tex
\xs_counta=\count479
\xs_countb=\count480
)
Package: xstring 2023/08/22 v1.86 String manipulations (CT)
)
\BracketLift=\skip116
\footbibmargin=\skip117
\footbiblabelsep=\skip118
\c@gbnamefmtcase=\count481
\c@gbalignlabel=\count482
\c@gbcitelocalcase=\count483
\c@gbbiblocalcase=\count484
\c@lanordernum=\count485
\bibitemindent=\skip119
\biblabelextend=\skip120
Package biblatex Info: Delimiter 'finalnamedelim' in context '' already defined
, overwriting.
)
Package biblatex Info: Trying to load citation style 'gb7714-2015'...
Package biblatex Info: ... file 'gb7714-2015.cbx' found.

(/usr/local/texlive/2025/texmf-dist/tex/latex/biblatex-gb7714-2015/gb7714-2015.
cbx
File: gb7714-2015.cbx a biblatex citation style for GB/T 7714-2015
Package biblatex Info: Trying to load citation style 'numeric-comp'...
Package biblatex Info: ... file 'numeric-comp.cbx' found.
 (/usr/local/texlive/2025/texmf-dist/tex/latex/biblatex/cbx/numeric-comp.cbx
File: numeric-comp.cbx 2024/03/21 v3.20 biblatex citation style (PK/MW)
\c@cbx@tempcnta=\count486
\c@cbx@tempcntb=\count487
\c@cbx@tempcntc=\count488
\c@cbx@tempcntd=\count489
Package biblatex Info: Redefining '\cite'.
Package biblatex Info: Redefining '\parencite'.
Package biblatex Info: Redefining '\footcite'.
Package biblatex Info: Redefining '\footcitetext'.
Package biblatex Info: Redefining '\smartcite'.
Package biblatex Info: Redefining '\supercite'.
Package biblatex Info: Redefining '\textcite'.
Package biblatex Info: Redefining '\textcites'.
Package biblatex Info: Redefining '\cites'.
Package biblatex Info: Redefining '\parencites'.
Package biblatex Info: Redefining '\smartcites'.
)
\c@gbrefcompress=\count490
Package biblatex Info: Redefining '\cite'.
Package biblatex Info: Redefining '\parencite'.
Package biblatex Info: Redefining '\cbx@textcite'.
)
Package biblatex Info: Trying to load configuration file...
Package biblatex Info: ... file 'biblatex.cfg' found.
 (/usr/local/texlive/2025/texmf-dist/tex/latex/biblatex/biblatex.cfg
File: biblatex.cfg 
)
Package biblatex Info: XeTeX detected.
(biblatex)             Assuming input encoding 'utf8'.
Package biblatex Info: Document encoding is UTF8 ....
Package biblatex Info: ... and expl3
(biblatex)             2025-01-18 L3 programming layer (loader) 
(biblatex)             is new enough (at least 2020/04/06),
(biblatex)             setting 'casechanger=expl3'.

(/usr/local/texlive/2025/texmf-dist/tex/latex/biblatex/blx-case-expl3.sty
Package: blx-case-expl3 2024/03/21 v3.20 expl3 case changing code for biblatex
))
(/usr/local/texlive/2025/texmf-dist/tex/latex/hyperref/hyperref.sty
Package: hyperref 2024-11-05 v7.01l Hypertext links for LaTeX

(/usr/local/texlive/2025/texmf-dist/tex/generic/kvdefinekeys/kvdefinekeys.sty
Package: kvdefinekeys 2019-12-19 v1.6 Define keys (HO)
)
(/usr/local/texlive/2025/texmf-dist/tex/generic/pdfescape/pdfescape.sty
Package: pdfescape 2019/12/09 v1.15 Implements pdfTeX's escape features (HO)
)
(/usr/local/texlive/2025/texmf-dist/tex/latex/hycolor/hycolor.sty
Package: hycolor 2020-01-27 v1.10 Color options for hyperref/bookmark (HO)
)
(/usr/local/texlive/2025/texmf-dist/tex/latex/hyperref/nameref.sty
Package: nameref 2023-11-26 v2.56 Cross-referencing by name of section

(/usr/local/texlive/2025/texmf-dist/tex/latex/refcount/refcount.sty
Package: refcount 2019/12/15 v3.6 Data extraction from label references (HO)
)
(/usr/local/texlive/2025/texmf-dist/tex/generic/gettitlestring/gettitlestring.s
ty
Package: gettitlestring 2019/12/15 v1.6 Cleanup title references (HO)
)
\c@section@level=\count491
) (/usr/local/texlive/2025/texmf-dist/tex/generic/stringenc/stringenc.sty
Package: stringenc 2019/11/29 v1.12 Convert strings between diff. encodings (HO
)
)
\@linkdim=\dimen292
\Hy@linkcounter=\count492
\Hy@pagecounter=\count493

(/usr/local/texlive/2025/texmf-dist/tex/latex/hyperref/pd1enc.def
File: pd1enc.def 2024-11-05 v7.01l Hyperref: PDFDocEncoding definition (HO)
)
(/usr/local/texlive/2025/texmf-dist/tex/generic/intcalc/intcalc.sty
Package: intcalc 2019/12/15 v1.3 Expandable calculations with integers (HO)
)
\Hy@SavedSpaceFactor=\count494

(/usr/local/texlive/2025/texmf-dist/tex/latex/hyperref/puenc.def
File: puenc.def 2024-11-05 v7.01l Hyperref: PDF Unicode definition (HO)
)
Package hyperref Info: Option `bookmarks' set `true' on input line 4040.
Package hyperref Info: Option `bookmarksnumbered' set `true' on input line 4040
.
Package hyperref Info: Option `colorlinks' set `true' on input line 4040.
Package hyperref Info: Hyper figures OFF on input line 4157.
Package hyperref Info: Link nesting OFF on input line 4162.
Package hyperref Info: Hyper index ON on input line 4165.
Package hyperref Info: Plain pages OFF on input line 4172.
Package hyperref Info: Backreferencing OFF on input line 4177.
Package hyperref Info: Implicit mode ON; LaTeX internals redefined.
Package hyperref Info: Bookmarks ON on input line 4424.
\c@Hy@tempcnt=\count495
LaTeX Info: Redefining \url on input line 4763.
\XeTeXLinkMargin=\dimen293

(/usr/local/texlive/2025/texmf-dist/tex/generic/bitset/bitset.sty
Package: bitset 2019/12/09 v1.3 Handle bit-vector datatype (HO)

(/usr/local/texlive/2025/texmf-dist/tex/generic/bigintcalc/bigintcalc.sty
Package: bigintcalc 2019/12/15 v1.5 Expandable calculations on big integers (HO
)
))
\Fld@menulength=\count496
\Field@Width=\dimen294
\Fld@charsize=\dimen295
Package hyperref Info: Hyper figures OFF on input line 6042.
Package hyperref Info: Link nesting OFF on input line 6047.
Package hyperref Info: Hyper index ON on input line 6050.
Package hyperref Info: backreferencing OFF on input line 6057.
Package hyperref Info: Link coloring ON on input line 6060.
Package hyperref Info: Link coloring with OCG OFF on input line 6067.
Package hyperref Info: PDF/A mode OFF on input line 6072.

(/usr/local/texlive/2025/texmf-dist/tex/latex/base/atbegshi-ltx.sty
Package: atbegshi-ltx 2021/01/10 v1.0c Emulation of the original atbegshi
package with kernel methods
)
\Hy@abspage=\count497
\c@Item=\count498
\c@Hfootnote=\count499
)
Package hyperref Info: Driver (autodetected): hxetex.

(/usr/local/texlive/2025/texmf-dist/tex/latex/hyperref/hxetex.def
File: hxetex.def 2024-11-05 v7.01l Hyperref driver for XeTeX
\pdfm@box=\box68
\c@Hy@AnnotLevel=\count500
\HyField@AnnotCount=\count501
\Fld@listcount=\count502
\c@bookmark@seq@number=\count503

(/usr/local/texlive/2025/texmf-dist/tex/latex/rerunfilecheck/rerunfilecheck.sty
Package: rerunfilecheck 2022-07-10 v1.10 Rerun checks for auxiliary files (HO)
(/usr/local/texlive/2025/texmf-dist/tex/latex/base/atveryend-ltx.sty
Package: atveryend-ltx 2020/08/19 v1.0a Emulation of the original atveryend pac
kage
with kernel methods
)
(/usr/local/texlive/2025/texmf-dist/tex/generic/uniquecounter/uniquecounter.sty
Package: uniquecounter 2019/12/15 v1.4 Provide unlimited unique counter (HO)
)
Package uniquecounter Info: New unique counter `rerunfilecheck' on input line 2
85.
)
\Hy@SectionHShift=\skip121
)

Package fontspec Info: 
(fontspec)             Script 'CJK' not explicitly supported within font
(fontspec)             'STSong'. Check the typeset output, and if it is okay
(fontspec)             then ignore this warning. Otherwise a different font
(fontspec)             should be chosen.


Package fontspec Info: 
(fontspec)             Font family 'STSong(0)' created for font 'STSong' with
(fontspec)             options
(fontspec)             [Script={CJK},BoldItalicFont={STHeitiSC-Medium},BoldFont
={STHeitiSC-Medium},ItalicFont={STKaiti}].
(fontspec)              
(fontspec)              This font family consists of the following NFSS
(fontspec)             series/shapes:
(fontspec)              
(fontspec)             - 'normal' (m/n) with NFSS spec.:
(fontspec)             <->"STSong/OT:script=hani;language=dflt;"
(fontspec)             - 'bold' (b/n) with NFSS spec.:
(fontspec)             <->"STHeitiSC-Medium/OT:script=hani;language=dflt;"
(fontspec)             - 'italic' (m/it) with NFSS spec.:
(fontspec)             <->"STKaiti/OT:script=hani;language=dflt;"
(fontspec)             - 'bold italic' (b/it) with NFSS spec.:
(fontspec)             <->"STHeitiSC-Medium/OT:script=hani;language=dflt;"

 (/usr/local/texlive/2025/texmf-dist/tex/latex/polyglossia/gloss-english.ldf
File: gloss-english.ldf polyglossia: module for English
)

Package polyglossia Info: Default language is english


Package fontspec Info: 
(fontspec)             Font family 'TimesNewRoman(0)' created for font 'Times
(fontspec)             New Roman' with options [Ligatures=TeX,BoldFont=Times
(fontspec)             New Roman Bold,ItalicFont=Times New Roman
(fontspec)             Italic,BoldItalicFont=Times New Roman Bold Italic].
(fontspec)              
(fontspec)              This font family consists of the following NFSS
(fontspec)             series/shapes:
(fontspec)              
(fontspec)             - 'normal' (m/n) with NFSS spec.: <->"Times New
(fontspec)             Roman/OT:script=latn;language=dflt;mapping=tex-text;"
(fontspec)             - 'bold' (b/n) with NFSS spec.: <->"Times New Roman
(fontspec)             Bold/OT:script=latn;language=dflt;mapping=tex-text;"
(fontspec)             - 'italic' (m/it) with NFSS spec.: <->"Times New Roman
(fontspec)             Italic/OT:script=latn;language=dflt;mapping=tex-text;"
(fontspec)             - 'bold italic' (b/it) with NFSS spec.: <->"Times New
(fontspec)             Roman Bold
(fontspec)             Italic/OT:script=latn;language=dflt;mapping=tex-text;"

Package csquotes Info: Checking for multilingual support...
Package csquotes Info: ... found 'polyglossia' package.
Package csquotes Info: Adjusting default style.
Package csquotes Info: Redefining alias 'default' -> 'american'.
 (./main.aux)
\openout1 = `main.aux'.

LaTeX Font Info:    Checking defaults for OML/cmm/m/it on input line 122.
LaTeX Font Info:    ... okay on input line 122.
LaTeX Font Info:    Checking defaults for OMS/cmsy/m/n on input line 122.
LaTeX Font Info:    ... okay on input line 122.
LaTeX Font Info:    Checking defaults for OT1/cmr/m/n on input line 122.
LaTeX Font Info:    ... okay on input line 122.
LaTeX Font Info:    Checking defaults for T1/cmr/m/n on input line 122.
LaTeX Font Info:    ... okay on input line 122.
LaTeX Font Info:    Checking defaults for TS1/cmr/m/n on input line 122.
LaTeX Font Info:    ... okay on input line 122.
LaTeX Font Info:    Checking defaults for TU/lmr/m/n on input line 122.
LaTeX Font Info:    ... okay on input line 122.
LaTeX Font Info:    Checking defaults for OMX/cmex/m/n on input line 122.
LaTeX Font Info:    ... okay on input line 122.
LaTeX Font Info:    Checking defaults for U/cmr/m/n on input line 122.
LaTeX Font Info:    ... okay on input line 122.
LaTeX Font Info:    Checking defaults for PD1/pdf/m/n on input line 122.
LaTeX Font Info:    ... okay on input line 122.
LaTeX Font Info:    Checking defaults for PU/pdf/m/n on input line 122.
LaTeX Font Info:    ... okay on input line 122.

Package chemgreek Info: Activating mapping `fontspec' on line 122.


Package fontspec Info: 
(fontspec)             Adjusting the maths setup (use [no-math] to avoid
(fontspec)             this).

\symlegacymaths=\mathgroup7
LaTeX Font Info:    Overwriting symbol font `legacymaths' in version `bold'
(Font)                  OT1/cmr/m/n --> OT1/cmr/bx/n on input line 122.
LaTeX Font Info:    Redeclaring math accent \acute on input line 122.
LaTeX Font Info:    Redeclaring math accent \grave on input line 122.
LaTeX Font Info:    Redeclaring math accent \ddot on input line 122.
LaTeX Font Info:    Redeclaring math accent \tilde on input line 122.
LaTeX Font Info:    Redeclaring math accent \bar on input line 122.
LaTeX Font Info:    Redeclaring math accent \breve on input line 122.
LaTeX Font Info:    Redeclaring math accent \check on input line 122.
LaTeX Font Info:    Redeclaring math accent \hat on input line 122.
LaTeX Font Info:    Redeclaring math accent \dot on input line 122.
LaTeX Font Info:    Redeclaring math accent \mathring on input line 122.
LaTeX Font Info:    Redeclaring math symbol \Gamma on input line 122.
LaTeX Font Info:    Redeclaring math symbol \Delta on input line 122.
LaTeX Font Info:    Redeclaring math symbol \Theta on input line 122.
LaTeX Font Info:    Redeclaring math symbol \Lambda on input line 122.
LaTeX Font Info:    Redeclaring math symbol \Xi on input line 122.
LaTeX Font Info:    Redeclaring math symbol \Pi on input line 122.
LaTeX Font Info:    Redeclaring math symbol \Sigma on input line 122.
LaTeX Font Info:    Redeclaring math symbol \Upsilon on input line 122.
LaTeX Font Info:    Redeclaring math symbol \Phi on input line 122.
LaTeX Font Info:    Redeclaring math symbol \Psi on input line 122.
LaTeX Font Info:    Redeclaring math symbol \Omega on input line 122.
LaTeX Font Info:    Redeclaring math symbol \mathdollar on input line 122.
LaTeX Font Info:    Redeclaring symbol font `operators' on input line 122.
LaTeX Font Info:    Encoding `OT1' has changed to `TU' for symbol font
(Font)              `operators' in the math version `normal' on input line 122.

LaTeX Font Info:    Overwriting symbol font `operators' in version `normal'
(Font)                  OT1/cmr/m/n --> TU/TimesNewRoman(0)/m/n on input line 1
22.
LaTeX Font Info:    Encoding `OT1' has changed to `TU' for symbol font
(Font)              `operators' in the math version `bold' on input line 122.
LaTeX Font Info:    Overwriting symbol font `operators' in version `bold'
(Font)                  OT1/cmr/bx/n --> TU/TimesNewRoman(0)/m/n on input line 
122.
LaTeX Font Info:    Overwriting symbol font `operators' in version `normal'
(Font)                  TU/TimesNewRoman(0)/m/n --> TU/TimesNewRoman(0)/m/n on 
input line 122.
LaTeX Font Info:    Overwriting math alphabet `\mathit' in version `normal'
(Font)                  OT1/cmr/m/it --> TU/TimesNewRoman(0)/m/it on input line
 122.
LaTeX Font Info:    Overwriting math alphabet `\mathbf' in version `normal'
(Font)                  OT1/cmr/bx/n --> TU/TimesNewRoman(0)/b/n on input line 
122.
LaTeX Font Info:    Overwriting math alphabet `\mathsf' in version `normal'
(Font)                  OT1/cmss/m/n --> TU/lmss/m/n on input line 122.
LaTeX Font Info:    Overwriting math alphabet `\mathtt' in version `normal'
(Font)                  OT1/cmtt/m/n --> TU/lmtt/m/n on input line 122.
LaTeX Font Info:    Overwriting symbol font `operators' in version `bold'
(Font)                  TU/TimesNewRoman(0)/m/n --> TU/TimesNewRoman(0)/b/n on 
input line 122.
LaTeX Font Info:    Overwriting math alphabet `\mathit' in version `bold'
(Font)                  OT1/cmr/bx/it --> TU/TimesNewRoman(0)/b/it on input lin
e 122.
LaTeX Font Info:    Overwriting math alphabet `\mathsf' in version `bold'
(Font)                  OT1/cmss/bx/n --> TU/lmss/b/n on input line 122.
LaTeX Font Info:    Overwriting math alphabet `\mathtt' in version `bold'
(Font)                  OT1/cmtt/m/n --> TU/lmtt/b/n on input line 122.

*geometry* driver: auto-detecting
*geometry* detected driver: xetex
*geometry* verbose mode - [ preamble ] result:
* driver: xetex
* paper: a4paper
* layout: <same size as paper>
* layoutoffset:(h,v)=(0.0pt,0.0pt)
* modes: twoside 
* h-part:(L,W,R)=(71.13188pt, 455.24411pt, 71.13188pt)
* v-part:(T,H,B)=(71.13188pt, 702.78308pt, 71.13188pt)
* \paperwidth=597.50787pt
* \paperheight=845.04684pt
* \textwidth=455.24411pt
* \textheight=702.78308pt
* \oddsidemargin=-1.1381pt
* \evensidemargin=-1.1381pt
* \topmargin=-33.0119pt
* \headheight=14.5pt
* \headsep=19.8738pt
* \topskip=11.0pt
* \footskip=27.46295pt
* \marginparwidth=106.0pt
* \marginparsep=7.0pt
* \columnsep=10.0pt
* \skip\footins=10.0pt plus 4.0pt minus 2.0pt
* \hoffset=0.0pt
* \voffset=0.0pt
* \mag=1000
* \@twocolumnfalse
* \@twosidetrue
* \@mparswitchtrue
* \@reversemarginfalse
* (1in=72.27pt=25.4mm, 1cm=28.453pt)

Package biblatex Info: Trying to load language 'american'...
Package biblatex Info: ... file 'american.lbx' found.
(/usr/local/texlive/2025/texmf-dist/tex/latex/biblatex/lbx/american.lbx
File: american.lbx 2024/03/21 v3.20 biblatex localization (PK/MW)
Package biblatex Info: Trying to load language 'english'...
Package biblatex Info: ... file 'english.lbx' found.

(/usr/local/texlive/2025/texmf-dist/tex/latex/biblatex/lbx/english.lbx
File: english.lbx 2024/03/21 v3.20 biblatex localization (PK/MW)
)
Package biblatex Info: Trying to load language 'english'...
Package biblatex Info: ... file 'english.lbx' found.

(/usr/local/texlive/2025/texmf-dist/tex/latex/biblatex/lbx/english.lbx
File: english.lbx 2024/03/21 v3.20 biblatex localization (PK/MW)
))
Package biblatex Info: XeTeX detected.
(biblatex)             Assuming input encoding 'utf8'.
Package biblatex Info: Automatic encoding selection.
(biblatex)             Assuming data encoding 'utf8'.
\openout4 = `main.bcf'.

Package biblatex Info: Trying to load bibliographic data...
Package biblatex Info: ... file 'main.bbl' not found.

No file main.bbl.
Package biblatex Info: Reference section=0 on input line 122.
Package biblatex Info: Reference segment=0 on input line 122.
Package hyperref Info: Link coloring ON on input line 122.
(./main.out) (./main.out)
\@outlinefile=\write5
\openout5 = `main.out'.



Package hyperref Warning: Rerun to get /PageLabels entry.

LaTeX Font Info:    Trying to load font information for U+msa on input line 145
.
(/usr/local/texlive/2025/texmf-dist/tex/latex/amsfonts/umsa.fd
File: umsa.fd 2013/01/14 v3.01 AMS symbols A
)
LaTeX Font Info:    Trying to load font information for U+msb on input line 145
.

(/usr/local/texlive/2025/texmf-dist/tex/latex/amsfonts/umsb.fd
File: umsb.fd 2013/01/14 v3.01 AMS symbols B
)
LaTeX Font Info:    Trying to load font information for U+stmry on input line 1
45.

(/usr/local/texlive/2025/texmf-dist/tex/latex/stmaryrd/Ustmry.fd)

[1


]

[2

] (./preface.tex)

[1

]

[2

] (./main.toc)
\tf@toc=\write6
\openout6 = `main.toc'.



[3]

[4


]
Chapter 1.
(./part1.tex) (./chapter1/section1-1.tex

[1

]) (./chapter1/section1-2.tex

[2]

[3]

LaTeX Warning: Citation 'shirer1960' on page 4 undefined on input line 48.


LaTeX Warning: Citation 'lincoln1861' on page 4 undefined on input line 56.


LaTeX Warning: Citation 'voltaire1770' on page 4 undefined on input line 62.

) (./chapter1/section1-3.tex

[4]

LaTeX Warning: Citation 'hayden2000' on page 5 undefined on input line 26.


LaTeX Warning: Citation 'ban1992' on page 5 undefined on input line 32.


LaTeX Warning: Citation 'bentham1802' on page 5 undefined on input line 38.



[5]

LaTeX Warning: Citation 'zare1996' on page 6 undefined on input line 54.


LaTeX Warning: Citation 'langewiesche1996' on page 6 undefined on input line 64
.

) (./chapter1/section1-4.tex

[6]

[7]
File: images/2025_05_15_6a28331d5e7c993ad07ag-030.jpg Graphic file (type bmp)
<images/2025_05_15_6a28331d5e7c993ad07ag-030.jpg>
File: images/2025_05_15_6a28331d5e7c993ad07ag-031(1).jpg Graphic file (type bmp
)
<images/2025_05_15_6a28331d5e7c993ad07ag-031(1).jpg>

Underfull \vbox (badness 10000) has occurred while \output is active []



[8]
File: images/2025_05_15_6a28331d5e7c993ad07ag-031.jpg Graphic file (type bmp)
<images/2025_05_15_6a28331d5e7c993ad07ag-031.jpg>

Underfull \vbox (badness 10000) has occurred while \output is active []



[9]
File: images/2025_05_15_6a28331d5e7c993ad07ag-032.jpg Graphic file (type bmp)
<images/2025_05_15_6a28331d5e7c993ad07ag-032.jpg>


[10]

[11]
File: images/2025_05_15_6a28331d5e7c993ad07ag-034.jpg Graphic file (type bmp)
<images/2025_05_15_6a28331d5e7c993ad07ag-034.jpg>

Underfull \vbox (badness 10000) has occurred while \output is active []



[12]
Overfull \vbox (1579.59505pt too high) has occurred while \output is active []



[13]
File: images/2025_05_15_6a28331d5e7c993ad07ag-035.jpg Graphic file (type bmp)
<images/2025_05_15_6a28331d5e7c993ad07ag-035.jpg>

Underfull \vbox (badness 10000) has occurred while \output is active []



[14]

[15]) (./chapter1/section1-5.tex

[16]

[17]

[18]

[19]

[20]) (./chapter1/section1-6.tex

[21]

[22]

[23]) (./chapter1/section1-7.tex

[24]) (./chapter1/section1-8.tex

[25]

[26]) (./chapter1/section1-9.tex

[27]

[28]

[29]) (./chapter1/section1-10.tex

[30]
File: images/2025_05_15_6a28331d5e7c993ad07ag-072.jpg Graphic file (type bmp)
<images/2025_05_15_6a28331d5e7c993ad07ag-072.jpg>


[31]
File: images/2025_05_15_6a28331d5e7c993ad07ag-073.jpg Graphic file (type bmp)
<images/2025_05_15_6a28331d5e7c993ad07ag-073.jpg>

Underfull \vbox (badness 10000) has occurred while \output is active []



[32]

[33]
File: images/2025_05_15_6a28331d5e7c993ad07ag-074.jpg Graphic file (type bmp)
<images/2025_05_15_6a28331d5e7c993ad07ag-074.jpg>

Underfull \vbox (badness 10000) has occurred while \output is active []



[34]
Overfull \vbox (4.30568pt too high) has occurred while \output is active []



[35]
File: images/2025_05_15_6a28331d5e7c993ad07ag-076.jpg Graphic file (type bmp)
<images/2025_05_15_6a28331d5e7c993ad07ag-076.jpg>

Underfull \vbox (badness 10000) has occurred while \output is active []



[36]) (./chapter1/section1-11.tex

[37]

[38]

[39]
Underfull \vbox (badness 10000) has occurred while \output is active []



[40]
File: images/2025_05_15_6a28331d5e7c993ad07ag-085.jpg Graphic file (type bmp)
<images/2025_05_15_6a28331d5e7c993ad07ag-085.jpg>

Underfull \vbox (badness 10000) has occurred while \output is active []



[41]
Underfull \vbox (badness 10000) has occurred while \output is active []



[42]

LaTeX Warning: Empty bibliography on input line 183.

)

[43]

[44]
Chapter 2.
(./part2.tex) (./chapter2/section2-1.tex

[45

]

LaTeX Warning: Citation 'palmbeach2000' on page 46 undefined on input line 25.



[46]

LaTeX Warning: Citation 'lander1988' on page 47 undefined on input line 50.


LaTeX Warning: Citation 'rescher1996' on page 47 undefined on input line 53.

) (./chapter2/section2-2.tex
Underfull \vbox (badness 3029) has occurred while \output is active []



[47]
Underfull \hbox (badness 10000) in paragraph at lines 11--12

 []



[48]) (./chapter2/section2-3.tex

[49]

[50]

[51]) (./chapter2/section2-4.tex

[52]

[53]) (./chapter2/section2-5.tex

[54]

[55]

[56]) (./chapter2/section2-6.tex

LaTeX Warning: Citation 'perot1993' on page 57 undefined on input line 21.


LaTeX Warning: Citation 'timecnn1993' on page 57 undefined on input line 21.



[57])

[58]
Chapter 3.
(./chapter3/section3-1.tex
Underfull \vbox (badness 3118) has occurred while \output is active []



[59

]

LaTeX Warning: Citation 'james1907' on page 60 undefined on input line 24.


LaTeX Warning: Citation 'james1907' on page 60 undefined on input line 30.


LaTeX Warning: Citation 'rudin1992' on page 60 undefined on input line 33.



[60]) (./chapter3/section3-2.tex
Underfull \vbox (badness 7030) has occurred while \output is active []



[61]

[62]) (./chapter3/section3-3.tex

[63]

[64]

LaTeX Warning: Citation 'gombocz1997' on page 65 undefined on input line 39.


LaTeX Warning: Citation 'sisk1988' on page 65 undefined on input line 42.



[65]) (./chapter3/section3-4.tex

[66]
Underfull \vbox (badness 6284) has occurred while \output is active []



[67]) (./chapter3/section3-5.tex

[68]

[69]

[70]
Underfull \vbox (badness 10000) has occurred while \output is active []



[71]) (./chapter3/section3-6.tex

[72]

[73]) (./chapter3/summary.tex
Underfull \vbox (badness 10000) has occurred while \output is active []



[74]

LaTeX Warning: Empty bibliography on input line 51.

)

[75]

[76

]
Chapter 4.
(./chapter4/section4-1.tex

[77]

LaTeX Warning: Citation 'aristotle' on page 78 undefined on input line 25.


LaTeX Warning: Citation 'fearnside1959' on page 78 undefined on input line 25.


LaTeX Warning: Citation 'joseph1916' on page 78 undefined on input line 28.

) (./chapter4/section4-2.tex
Underfull \vbox (badness 3240) has occurred while \output is active []



[78]) (./chapter4/section4-2-R1.tex

[79]) (./chapter4/section4-2-R2.tex

[80]) (./chapter4/section4-2-R3.tex

[81]

[82]) (./chapter4/section4-2-R4.tex

[83]) (./chapter4/section4-2-R5.tex

[84]) (./chapter4/section4-2-R6.tex) (./chapter4/section4-2-R7.tex

[85]) (./chapter4/section4-3.tex) (./chapter4/section4-3-P1.tex

[86]) (./chapter4/section4-3-P2.tex
Underfull \hbox (badness 10000) in paragraph at lines 10--11

 []



[87]) (./chapter4/section4-3-P3.tex

[88]) (./chapter4/section4-3-P4-P5.tex
Underfull \hbox (badness 10000) in paragraph at lines 6--7

 []



[89]) (./chapter4/section4-4.tex) (./chapter4/section4-4-A1.tex
Underfull \hbox (badness 10000) in paragraph at lines 11--12

 []



[90]) (./chapter4/section4-4-A2.tex) (./chapter4/section4-4-A3.tex

[91]) (./chapter4/section4-4-A4.tex

[92]) (./chapter4/section4-4-A5.tex) (./chapter4/summary.tex

[93]

[94]

LaTeX Warning: Empty bibliography on input line 76.

)

[95]

[96

]
Chapter 5.
(./chapter5/section5-1.tex
Missing character: There is no  (U+3001) in font Times New Roman/OT:script=lat
n;language=dflt;mapping=tex-text;!
Missing character: There is no  (U+3001) in font Times New Roman/OT:script=lat
n;language=dflt;mapping=tex-text;!
Missing character: There is no  (U+3001) in font Times New Roman/OT:script=lat
n;language=dflt;mapping=tex-text;!
Missing character: There is no  (U+3001) in font Times New Roman/OT:script=lat
n;language=dflt;mapping=tex-text;!

Underfull \vbox (badness 10000) has occurred while \output is active []



[97]) (./chapter5/section5-2.tex

LaTeX Font Warning: Font shape `U/stmry/b/n' undefined
(Font)              using `U/stmry/m/n' instead on input line 19.



[98]

[99]
Underfull \vbox (badness 10000) has occurred while \output is active []



[100]) (./chapter5/section5-3.tex

[101]
Underfull \vbox (badness 1852) has occurred while \output is active []



[102]

[103]
File: images/2025_05_15_6a28331d5e7c993ad07ag-234.jpg Graphic file (type bmp)
<images/2025_05_15_6a28331d5e7c993ad07ag-234.jpg>

Underfull \vbox (badness 10000) has occurred while \output is active []



[104]) (./chapter5/section5-4.tex

[105]

LaTeX Warning: Citation 'kneale1962' on page 106 undefined on input line 37.



[106]
File: images/2025_05_15_6a28331d5e7c993ad07ag-238.jpg Graphic file (type bmp)
<images/2025_05_15_6a28331d5e7c993ad07ag-238.jpg>

Underfull \vbox (badness 5091) has occurred while \output is active []



[107]

[108]) (./chapter5/section5-5.tex

[109]

LaTeX Warning: Citation 'kneale1962' on page 110 undefined on input line 43.



[110]

[111]

[112]
Underfull \vbox (badness 5403) has occurred while \output is active []



[113]) (./chapter5/section5-6.tex

[114]

LaTeX Warning: Citation 'russell1905' on page 115 undefined on input line 17.


LaTeX Warning: Citation 'russell1905' on page 115 undefined on input line 21.



[115]

LaTeX Warning: Citation 'wiebe1991' on page 116 undefined on input line 31.


LaTeX Warning: Citation 'boole1854' on page 116 undefined on input line 49.


Underfull \vbox (badness 7468) has occurred while \output is active []



[116]
Missing character: There is no  (U+3001) in font Times New Roman/OT:script=lat
n;language=dflt;mapping=tex-text;!

Underfull \vbox (badness 10000) has occurred while \output is active []



[117]) (./chapter5/section5-7.tex

[118]
File: images/2025_05_15_6a28331d5e7c993ad07ag-257(2).jpg Graphic file (type bmp
)
<images/2025_05_15_6a28331d5e7c993ad07ag-257(2).jpg>

Underfull \vbox (badness 10000) has occurred while \output is active []



[119]
File: images/2025_05_15_6a28331d5e7c993ad07ag-257.jpg Graphic file (type bmp)
<images/2025_05_15_6a28331d5e7c993ad07ag-257.jpg>

Underfull \vbox (badness 10000) has occurred while \output is active []



[120]
File: images/2025_05_15_6a28331d5e7c993ad07ag-257(1).jpg Graphic file (type bmp
)
<images/2025_05_15_6a28331d5e7c993ad07ag-257(1).jpg>

Underfull \vbox (badness 10000) has occurred while \output is active []



[121]
File: images/2025_05_15_6a28331d5e7c993ad07ag-258.jpg Graphic file (type bmp)
<images/2025_05_15_6a28331d5e7c993ad07ag-258.jpg>


[122]
File: images/2025_05_15_6a28331d5e7c993ad07ag-258(1).jpg Graphic file (type bmp
)
<images/2025_05_15_6a28331d5e7c993ad07ag-258(1).jpg>


[123]
File: images/2025_05_15_6a28331d5e7c993ad07ag-260(1).jpg Graphic file (type bmp
)
<images/2025_05_15_6a28331d5e7c993ad07ag-260(1).jpg>
File: images/2025_05_15_6a28331d5e7c993ad07ag-260.jpg Graphic file (type bmp)
<images/2025_05_15_6a28331d5e7c993ad07ag-260.jpg>

Underfull \vbox (badness 10000) has occurred while \output is active []



[124]
Underfull \vbox (badness 10000) has occurred while \output is active []



[125]) (./chapter5/summary.tex

[126]

LaTeX Warning: Empty bibliography on input line 41.

)

[127]

[128

]
Chapter 6.
(./chapter6/section6-1.tex

[129]

LaTeX Warning: Citation 'lukasiewicz1957' on page 130 undefined on input line 5
7.



[130]) (./chapter6/section6-2.tex

[131]
Underfull \vbox (badness 10000) has occurred while \output is active []



[132]) (./chapter6/section6-3.tex
File: images/2025_05_15_6a28331d5e7c993ad07ag-274.jpg Graphic file (type bmp)
<images/2025_05_15_6a28331d5e7c993ad07ag-274.jpg>

Underfull \vbox (badness 10000) has occurred while \output is active []



[133]
File: images/2025_05_15_6a28331d5e7c993ad07ag-275(2).jpg Graphic file (type bmp
)
<images/2025_05_15_6a28331d5e7c993ad07ag-275(2).jpg>

Underfull \vbox (badness 10000) has occurred while \output is active []



[134]
File: images/2025_05_15_6a28331d5e7c993ad07ag-275(1).jpg Graphic file (type bmp
)
<images/2025_05_15_6a28331d5e7c993ad07ag-275(1).jpg>

Underfull \vbox (badness 10000) has occurred while \output is active []



[135]
File: images/2025_05_15_6a28331d5e7c993ad07ag-275.jpg Graphic file (type bmp)
<images/2025_05_15_6a28331d5e7c993ad07ag-275.jpg>

Underfull \vbox (badness 10000) has occurred while \output is active []



[136]

LaTeX Warning: Citation 'venn1881' on page 137 undefined on input line 48.



[137]
File: images/2025_05_15_6a28331d5e7c993ad07ag-276.jpg Graphic file (type bmp)
<images/2025_05_15_6a28331d5e7c993ad07ag-276.jpg>


[138]
File: images/2025_05_15_6a28331d5e7c993ad07ag-277.jpg Graphic file (type bmp)
<images/2025_05_15_6a28331d5e7c993ad07ag-277.jpg>


[139]
File: images/2025_05_15_6a28331d5e7c993ad07ag-278.jpg Graphic file (type bmp)
<images/2025_05_15_6a28331d5e7c993ad07ag-278.jpg>
File: images/2025_05_15_6a28331d5e7c993ad07ag-278(1).jpg Graphic file (type bmp
)
<images/2025_05_15_6a28331d5e7c993ad07ag-278(1).jpg>


[140]

[141]) (./chapter6/section6-4.tex

[142]

[143]

[144]
Underfull \vbox (badness 10000) has occurred while \output is active []



[145]) (./chapter6/section6-5.tex
Missing character: There is no  (U+3001) in font Times New Roman/OT:script=lat
n;language=dflt;mapping=tex-text;!
File: images/2025_05_15_6a28331d5e7c993ad07ag-288.jpg Graphic file (type bmp)
<images/2025_05_15_6a28331d5e7c993ad07ag-288.jpg>


[146]
File: images/2025_05_15_6a28331d5e7c993ad07ag-288(1).jpg Graphic file (type bmp
)
<images/2025_05_15_6a28331d5e7c993ad07ag-288(1).jpg>


[147]

LaTeX Warning: Citation 'patzig1968' on page 148 undefined on input line 32.


LaTeX Warning: Citation 'lukasiewicz1957' on page 148 undefined on input line 3
4.


LaTeX Warning: Citation 'copi1980' on page 148 undefined on input line 36.


LaTeX Warning: Citation 'patzig1968' on page 148 undefined on input line 42.



[148]
Underfull \vbox (badness 3158) has occurred while \output is active []



[149]) (./chapter6/section6-6.tex

Package hyperref Warning: Token not allowed in a PDF string (Unicode):
(hyperref)                removing `math shift' on input line 15.


Package hyperref Warning: Token not allowed in a PDF string (Unicode):
(hyperref)                removing `math shift' on input line 15.



[150]

Package hyperref Warning: Token not allowed in a PDF string (Unicode):
(hyperref)                removing `math shift' on input line 20.


Package hyperref Warning: Token not allowed in a PDF string (Unicode):
(hyperref)                removing `math shift' on input line 20.


Package hyperref Warning: Token not allowed in a PDF string (Unicode):
(hyperref)                removing `math shift' on input line 34.


Package hyperref Warning: Token not allowed in a PDF string (Unicode):
(hyperref)                removing `math shift' on input line 34.



[151]
Missing character: There is no  (U+3001) in font Times New Roman/OT:script=lat
n;language=dflt;mapping=tex-text;!
) (./chapter6/summary.tex

[152]

[153])

[154]
Chapter 7.
(./chapter7/section7-1.tex

[155

]) (./chapter7/section7-2.tex

[156]

[157]) (./chapter7/section7-3.tex

[158]
Missing character: There is no  (U+3001) in font Times New Roman/OT:script=lat
n;language=dflt;mapping=tex-text;!

LaTeX Warning: Citation 'kant1781' on page 159 undefined on input line 15.



[159]
File: images/2025_05_15_6a28331d5e7c993ad07ag-310.jpg Graphic file (type bmp)
<images/2025_05_15_6a28331d5e7c993ad07ag-310.jpg>


[160]

LaTeX Warning: Citation 'frege1892' on page 161 undefined on input line 90.


Underfull \vbox (badness 10000) has occurred while \output is active []



[161]

[162]) (./chapter7/section7-4.tex

[163]

[164]) (./chapter7/section7-5.tex

[165]

LaTeX Warning: Citation 'hume1748' on page 166 undefined on input line 46.



[166]

LaTeX Warning: Citation 'usc2000' on page 167 undefined on input line 56.


Underfull \vbox (badness 10000) has occurred while \output is active []



[167]) (./chapter7/section7-6.tex

[168]

[169]) (./chapter7/section7-7.tex

[170]

LaTeX Warning: Citation 'boole1854' on page 171 undefined on input line 16.


LaTeX Warning: Citation 'boole1854' on page 171 undefined on input line 39.



[171]
Underfull \vbox (badness 10000) has occurred while \output is active []



[172]) (./chapter7/section7-8.tex

LaTeX Warning: Citation 'feynman1988' on page 173 undefined on input line 14.



[173]

LaTeX Warning: Citation 'lincoln1861' on page 174 undefined on input line 28.



[174]

[175]) (./chapter7/summary.tex

[176]
Underfull \vbox (badness 10000) has occurred while \output is active []



[177]

LaTeX Warning: Empty bibliography on input line 42.

)

[178]
Chapter 8.
(./chapter8/section8-1.tex

LaTeX Warning: Citation 'quine1940' on page 179 undefined on input line 11.


LaTeX Warning: Citation 'aristotle-logic' on page 179 undefined on input line 1
3.



[179

]) (./chapter8/section8-2.tex

LaTeX Warning: Citation 'tarski1946' on page 180 undefined on input line 20.



[180]

LaTeX Warning: Citation 'church1956' on page 181 undefined on input line 35.



[181]

LaTeX Warning: Citation 'grice1975' on page 182 undefined on input line 68.



[182]

LaTeX Warning: Citation 'boole1854' on page 183 undefined on input line 113.



[183]

LaTeX Warning: Citation 'russell1903' on page 184 undefined on input line 121.


LaTeX Warning: Citation 'hume1748' on page 184 undefined on input line 127.



[184]
Underfull \vbox (badness 2452) has occurred while \output is active []



[185]
Underfull \vbox (badness 10000) has occurred while \output is active []



[186]) (./chapter8/section8-3.tex

[187]
Underfull \vbox (badness 10000) has occurred while \output is active []



[188]

[189]
Missing character: There is no  (U+3001) in font Times New Roman/OT:script=lat
n;language=dflt;mapping=tex-text;!


[190]
Underfull \vbox (badness 10000) has occurred while \output is active []



[191]

LaTeX Warning: Citation 'churchill1953' on page 192 undefined on input line 152
.


Underfull \vbox (badness 10000) has occurred while \output is active []



[192]) (./chapter8/section8-4.tex

LaTeX Warning: Citation 'copi1980' on page 193 undefined on input line 8.



[193]

LaTeX Warning: Citation 'jevons1886' on page 194 undefined on input line 20.

Missing character: There is no  (U+3001) in font Times New Roman/OT:script=lat
n;language=dflt;mapping=tex-text;!
Missing character: There is no  (U+3001) in font Times New Roman/OT:script=lat
n;language=dflt;mapping=tex-text;!
Missing character: There is no  (U+3001) in font Times New Roman/OT:script=lat
n;language=dflt;mapping=tex-text;!
Missing character: There is no  (U+3001) in font Times New Roman/OT:script=lat
n;language=dflt;mapping=tex-text;!
Missing character: There is no  (U+3001) in font Times New Roman/OT:script=lat
n;language=dflt;mapping=tex-text;!
Missing character: There is no  (U+3001) in font Times New Roman/OT:script=lat
n;language=dflt;mapping=tex-text;!


[194]

[195]
Missing character: There is no  (U+3001) in font Times New Roman/OT:script=lat
n;language=dflt;mapping=tex-text;!


[196]

LaTeX Warning: Citation 'jevons1879' on page 197 undefined on input line 141.



[197]

LaTeX Warning: Citation 'carroll1896' on page 198 undefined on input line 177.



[198]

[199]) (./chapter8/section8-5.tex
Underfull \vbox (badness 10000) has occurred while \output is active []



[200]

[201]

LaTeX Warning: Citation 'whitehead1911' on page 202 undefined on input line 33.




[202]

[203]) (./chapter8/section8-6.tex

[204]

[205]

[206]) (./chapter8/section8-7.tex

[207]) (./chapter8/section8-8.tex
Underfull \vbox (badness 6808) has occurred while \output is active []



[208]
Underfull \hbox (badness 10000) in paragraph at lines 9--11

 []


Underfull \hbox (badness 10000) in paragraph at lines 12--14

 []


LaTeX Warning: Citation 'hamilton1833' on page 209 undefined on input line 22.



[209]

LaTeX Warning: Citation 'kant1781' on page 210 undefined on input line 34.

)

[210]
Chapter 9.
(./chapter9/section9-1.tex

[211

]
Underfull \vbox (badness 10000) has occurred while \output is active []



[212]
Underfull \vbox (badness 10000) has occurred while \output is active []



[213]) (./chapter9/section9-2.tex

[214]

LaTeX Warning: Citation 'wittgenstein1922' on page 215 undefined on input line 
65.



[215]

LaTeX Warning: Citation 'gentzen1935' on page 216 undefined on input line 107.



[216]

[217]

[218]) (./chapter9/section9-3.tex
Underfull \vbox (badness 10000) has occurred while \output is active []



[219]

[220]

LaTeX Warning: Citation 'jeffrey1967' on page 221 undefined on input line 45.


Underfull \vbox (badness 10000) has occurred while \output is active []



[221]) (./chapter9/section9-4.tex
Underfull \vbox (badness 4582) has occurred while \output is active []



[222]

[223]

LaTeX Warning: Citation 'wigmore1937' on page 224 undefined on input line 92.



[224]
Underfull \vbox (badness 10000) has occurred while \output is active []



[225])

[226]
Chapter 10.
(./chapter10/section10-1.tex

LaTeX Warning: Citation 'quine1953' on page 227 undefined on input line 23.



[227

]
Missing character: There is no  (U+3001) in font Times New Roman/OT:script=lat
n;language=dflt;mapping=tex-text;!
Missing character: There is no  (U+3001) in font Times New Roman/OT:script=lat
n;language=dflt;mapping=tex-text;!
Missing character: There is no  (U+3001) in font Times New Roman/OT:script=lat
n;language=dflt;mapping=tex-text;!
Missing character: There is no  (U+3001) in font Times New Roman/OT:script=lat
n;language=dflt;mapping=tex-text;!
Missing character: There is no  (U+3001) in font Times New Roman/OT:script=lat
n;language=dflt;mapping=tex-text;!
Missing character: There is no  (U+3001) in font Times New Roman/OT:script=lat
n;language=dflt;mapping=tex-text;!
Missing character: There is no  (U+3001) in font Times New Roman/OT:script=lat
n;language=dflt;mapping=tex-text;!
Missing character: There is no  (U+3001) in font Times New Roman/OT:script=lat
n;language=dflt;mapping=tex-text;!
Missing character: There is no  (U+3001) in font Times New Roman/OT:script=lat
n;language=dflt;mapping=tex-text;!
Missing character: There is no  (U+3001) in font Times New Roman/OT:script=lat
n;language=dflt;mapping=tex-text;!
Missing character: There is no  (U+3001) in font Times New Roman/OT:script=lat
n;language=dflt;mapping=tex-text;!
Missing character: There is no  (U+3001) in font Times New Roman/OT:script=lat
n;language=dflt;mapping=tex-text;!

LaTeX Warning: Citation 'reichenbach1947' on page 228 undefined on input line 3
7.



[228]) (./chapter10/section10-2.tex

[229]

[230]
Underfull \vbox (badness 10000) has occurred while \output is active []



[231]
File: images/2025_05_15_6a28331d5e7c993ad07ag-463.jpg Graphic file (type bmp)
<images/2025_05_15_6a28331d5e7c993ad07ag-463.jpg>

Missing character: There is no  (U+2203) in font Times New Roman/OT:script=lat
n;language=dflt;mapping=tex-text;!
Missing character: There is no  (U+2203) in font Times New Roman/OT:script=lat
n;language=dflt;mapping=tex-text;!
Missing character: There is no  (U+2203) in font Times New Roman/OT:script=lat
n;language=dflt;mapping=tex-text;!
Missing character: There is no  (U+2203) in font Times New Roman/OT:script=lat
n;language=dflt;mapping=tex-text;!
Missing character: There is no  (U+2203) in font Times New Roman/OT:script=lat
n;language=dflt;mapping=tex-text;!

Underfull \vbox (badness 10000) has occurred while \output is active []



[232]) (./chapter10/section10-3.tex
Underfull \vbox (badness 10000) has occurred while \output is active []



[233]

LaTeX Warning: Citation 'peirce1883' on page 234 undefined on input line 21.

Missing character: There is no  (U+3001) in font Times New Roman/OT:script=lat
n;language=dflt;mapping=tex-text;!
Missing character: There is no  (U+3001) in font Times New Roman/OT:script=lat
n;language=dflt;mapping=tex-text;!
Missing character: There is no  (U+3001) in font Times New Roman/OT:script=lat
n;language=dflt;mapping=tex-text;!
Missing character: There is no  (U+3001) in font Times New Roman/OT:script=lat
n;language=dflt;mapping=tex-text;!
Missing character: There is no  (U+3001) in font Times New Roman/OT:script=lat
n;language=dflt;mapping=tex-text;!
Missing character: There is no  (U+3001) in font Times New Roman/OT:script=lat
n;language=dflt;mapping=tex-text;!
Missing character: There is no  (U+3001) in font Times New Roman/OT:script=lat
n;language=dflt;mapping=tex-text;!
Missing character: There is no  (U+3001) in font Times New Roman/OT:script=lat
n;language=dflt;mapping=tex-text;!
Missing character: There is no  (U+3001) in font Times New Roman/OT:script=lat
n;language=dflt;mapping=tex-text;!

LaTeX Warning: Citation 'brown1954' on page 234 undefined on input line 48.



[234]
File: images/2025_05_15_6a28331d5e7c993ad07ag-466.jpg Graphic file (type bmp)
<images/2025_05_15_6a28331d5e7c993ad07ag-466.jpg>


[235]
Missing character: There is no  (U+3001) in font Times New Roman/OT:script=lat
n;language=dflt;mapping=tex-text;!
Missing character: There is no  (U+3001) in font Times New Roman/OT:script=lat
n;language=dflt;mapping=tex-text;!
Missing character: There is no  (U+3001) in font Times New Roman/OT:script=lat
n;language=dflt;mapping=tex-text;!
Missing character: There is no  (U+3001) in font Times New Roman/OT:script=lat
n;language=dflt;mapping=tex-text;!
Missing character: There is no  (U+3001) in font Times New Roman/OT:script=lat
n;language=dflt;mapping=tex-text;!
Missing character: There is no  (U+3001) in font Times New Roman/OT:script=lat
n;language=dflt;mapping=tex-text;!
Missing character: There is no  (U+3001) in font Times New Roman/OT:script=lat
n;language=dflt;mapping=tex-text;!

Underfull \vbox (badness 10000) has occurred while \output is active []



[236]

[237]
Missing character: There is no  (U+2283) in font Times New Roman/OT:script=lat
n;language=dflt;mapping=tex-text;!
Missing character: There is no  (U+2283) in font Times New Roman/OT:script=lat
n;language=dflt;mapping=tex-text;!
Missing character: There is no  (U+2203) in font Times New Roman/OT:script=lat
n;language=dflt;mapping=tex-text;!
Missing character: There is no  (U+2203) in font Times New Roman/OT:script=lat
n;language=dflt;mapping=tex-text;!
Missing character: There is no  (U+2283) in font Times New Roman/OT:script=lat
n;language=dflt;mapping=tex-text;!
) (./chapter10/section10-4.tex
Underfull \vbox (badness 10000) has occurred while \output is active []



[238]
Underfull \vbox (badness 10000) has occurred while \output is active []



[239]

[240]

LaTeX Warning: Citation 'kneale1962' on page 241 undefined on input line 109.


Underfull \hbox (badness 10000) in paragraph at lines 118--121

 []



[241]

[242]
Underfull \vbox (badness 1275) has occurred while \output is active []



[243]
Missing character: There is no  (U+2203) in font Times New Roman/OT:script=lat
n;language=dflt;mapping=tex-text;!
Missing character: There is no  (U+2203) in font Times New Roman/OT:script=lat
n;language=dflt;mapping=tex-text;!

Underfull \vbox (badness 10000) has occurred while \output is active []



[244]) (./chapter10/section10-5.tex

[245]
Missing character: There is no  (U+3001) in font Times New Roman/OT:script=lat
n;language=dflt;mapping=tex-text;!
Missing character: There is no  (U+3001) in font Times New Roman/OT:script=lat
n;language=dflt;mapping=tex-text;!
Missing character: There is no  (U+3001) in font Times New Roman/OT:script=lat
n;language=dflt;mapping=tex-text;!


[246]

LaTeX Warning: Citation 'tarski1954' on page 247 undefined on input line 68.

Missing character: There is no  (U+3001) in font Times New Roman/OT:script=lat
n;language=dflt;mapping=tex-text;!
Missing character: There is no  (U+3001) in font Times New Roman/OT:script=lat
n;language=dflt;mapping=tex-text;!
Missing character: There is no  (U+3001) in font Times New Roman/OT:script=lat
n;language=dflt;mapping=tex-text;!
Missing character: There is no  (U+3001) in font Times New Roman/OT:script=lat
n;language=dflt;mapping=tex-text;!

Underfull \vbox (badness 1102) has occurred while \output is active []



[247]
Missing character: There is no  (U+3001) in font Times New Roman/OT:script=lat
n;language=dflt;mapping=tex-text;!
Missing character: There is no  (U+2203) in font Times New Roman/OT:script=lat
n;language=dflt;mapping=tex-text;!
Missing character: There is no  (U+2203) in font Times New Roman/OT:script=lat
n;language=dflt;mapping=tex-text;!
Missing character: There is no  (U+2228) in font Times New Roman/OT:script=lat
n;language=dflt;mapping=tex-text;!
Missing character: There is no  (U+2203) in font Times New Roman/OT:script=lat
n;language=dflt;mapping=tex-text;!
Missing character: There is no  (U+2228) in font Times New Roman/OT:script=lat
n;language=dflt;mapping=tex-text;!
Missing character: There is no  (U+2228) in font Times New Roman/OT:script=lat
n;language=dflt;mapping=tex-text;!

Underfull \vbox (badness 10000) has occurred while \output is active []



[248]) (./chapter10/section10-6.tex
Missing character: There is no  (U+3001) in font Times New Roman/OT:script=lat
n;language=dflt;mapping=tex-text;!
Missing character: There is no  (U+3001) in font Times New Roman/OT:script=lat
n;language=dflt;mapping=tex-text;!
Missing character: There is no  (U+3001) in font Times New Roman/OT:script=lat
n;language=dflt;mapping=tex-text;!


[249]

LaTeX Warning: Citation 'lukasiewicz1951' on page 250 undefined on input line 2
1.

Missing character: There is no  (U+3001) in font Times New Roman/OT:script=lat
n;language=dflt;mapping=tex-text;!


[250]

[251]
Underfull \vbox (badness 10000) has occurred while \output is active []



[252]
Missing character: There is no  (U+3001) in font Times New Roman/OT:script=lat
n;language=dflt;mapping=tex-text;!
Missing character: There is no  (U+3001) in font Times New Roman/OT:script=lat
n;language=dflt;mapping=tex-text;!
Missing character: There is no  (U+2228) in font Times New Roman/OT:script=lat
n;language=dflt;mapping=tex-text;!
Missing character: There is no  (U+2283) in font Times New Roman/OT:script=lat
n;language=dflt;mapping=tex-text;!
Missing character: There is no  (U+2283) in font Times New Roman/OT:script=lat
n;language=dflt;mapping=tex-text;!
)

[253]

[254

]
Chapter 11.
(./chapter11/section11-1.tex

LaTeX Warning: Citation 'surgeon1964' on page 255 undefined on input line 7.


LaTeX Warning: Citation 'davis1986' on page 255 undefined on input line 13.


LaTeX Warning: Citation 'reid1785' on page 255 undefined on input line 17.



[255]

LaTeX Warning: Citation 'chesterton1910' on page 256 undefined on input line 25
.


LaTeX Warning: Citation 'lander1995' on page 256 undefined on input line 29.


LaTeX Warning: Citation 'collin1978' on page 256 undefined on input line 37.


Underfull \vbox (badness 10000) has occurred while \output is active []



[256]
Missing character: There is no  (U+3001) in font Times New Roman/OT:script=lat
n;language=dflt;mapping=tex-text;!
Missing character: There is no  (U+3001) in font Times New Roman/OT:script=lat
n;language=dflt;mapping=tex-text;!
Missing character: There is no  (U+3001) in font Times New Roman/OT:script=lat
n;language=dflt;mapping=tex-text;!
Missing character: There is no  (U+3001) in font Times New Roman/OT:script=lat
n;language=dflt;mapping=tex-text;!
Missing character: There is no  (U+3001) in font Times New Roman/OT:script=lat
n;language=dflt;mapping=tex-text;!
Missing character: There is no  (U+3001) in font Times New Roman/OT:script=lat
n;language=dflt;mapping=tex-text;!
Missing character: There is no  (U+3001) in font Times New Roman/OT:script=lat
n;language=dflt;mapping=tex-text;!
Missing character: There is no  (U+3001) in font Times New Roman/OT:script=lat
n;language=dflt;mapping=tex-text;!
Missing character: There is no  (U+3001) in font Times New Roman/OT:script=lat
n;language=dflt;mapping=tex-text;!
Missing character: There is no  (U+3001) in font Times New Roman/OT:script=lat
n;language=dflt;mapping=tex-text;!

Underfull \vbox (badness 10000) has occurred while \output is active []



[257]) (./chapter11/section11-2.tex

[258]
Underfull \vbox (badness 10000) has occurred while \output is active []



[259]
Underfull \vbox (badness 10000) has occurred while \output is active []



[260]) (./chapter11/section11-3.tex

[261]

LaTeX Warning: Citation 'rachels1991' on page 262 undefined on input line 20.



[262]

LaTeX Warning: Citation 'brenner1993' on page 263 undefined on input line 34.


LaTeX Warning: Citation 'kinsley1992' on page 263 undefined on input line 36.


Underfull \vbox (badness 10000) has occurred while \output is active []



[263]

LaTeX Warning: Empty bibliography on input line 70.

)

[264]
Chapter 12.
(./chapter12/section12-1.tex

[265

]

LaTeX Warning: Citation 'marler1991' on page 266 undefined on input line 23.



[266]

LaTeX Warning: Citation 'nasar1996' on page 267 undefined on input line 35.


LaTeX Warning: Citation 'kitagawa1973' on page 267 undefined on input line 37.



[267]

LaTeX Warning: Citation 'roberts1966' on page 268 undefined on input line 69.



[268]) (./chapter12/section12-2.tex
Underfull \vbox (badness 10000) has occurred while \output is active []



[269]
Missing character: There is no  (U+3001) in font Times New Roman/OT:script=lat
n;language=dflt;mapping=tex-text;!
Missing character: There is no  (U+3001) in font Times New Roman/OT:script=lat
n;language=dflt;mapping=tex-text;!
Missing character: There is no  (U+3001) in font Times New Roman/OT:script=lat
n;language=dflt;mapping=tex-text;!
Missing character: There is no  (U+3001) in font Times New Roman/OT:script=lat
n;language=dflt;mapping=tex-text;!
Missing character: There is no  (U+3001) in font Times New Roman/OT:script=lat
n;language=dflt;mapping=tex-text;!
Missing character: There is no  (U+3001) in font Times New Roman/OT:script=lat
n;language=dflt;mapping=tex-text;!
Missing character: There is no  (U+3001) in font Times New Roman/OT:script=lat
n;language=dflt;mapping=tex-text;!
Missing character: There is no  (U+3001) in font Times New Roman/OT:script=lat
n;language=dflt;mapping=tex-text;!
Missing character: There is no  (U+3001) in font Times New Roman/OT:script=lat
n;language=dflt;mapping=tex-text;!
Missing character: There is no  (U+3001) in font Times New Roman/OT:script=lat
n;language=dflt;mapping=tex-text;!
Missing character: There is no  (U+3001) in font Times New Roman/OT:script=lat
n;language=dflt;mapping=tex-text;!
Missing character: There is no  (U+3001) in font Times New Roman/OT:script=lat
n;language=dflt;mapping=tex-text;!


[270]

LaTeX Warning: Citation 'tanzi1996' on page 271 undefined on input line 48.


LaTeX Warning: Citation 'forbes1996' on page 271 undefined on input line 59.



[271]

LaTeX Warning: Citation 'sapolsky1997' on page 272 undefined on input line 74.

Missing character: There is no  (U+3001) in font Times New Roman/OT:script=lat
n;language=dflt;mapping=tex-text;!
Missing character: There is no  (U+3001) in font Times New Roman/OT:script=lat
n;language=dflt;mapping=tex-text;!
Missing character: There is no  (U+4E0E) in font Times New Roman/OT:script=lat
n;language=dflt;mapping=tex-text;!
Missing character: There is no  (U+3001) in font Times New Roman/OT:script=lat
n;language=dflt;mapping=tex-text;!
Missing character: There is no  (U+3001) in font Times New Roman/OT:script=lat
n;language=dflt;mapping=tex-text;!
Missing character: There is no  (U+3001) in font Times New Roman/OT:script=lat
n;language=dflt;mapping=tex-text;!
Missing character: There is no  (U+4E00) in font Times New Roman/OT:script=lat
n;language=dflt;mapping=tex-text;!
Missing character: There is no  (U+8D77) in font Times New Roman/OT:script=lat
n;language=dflt;mapping=tex-text;!
Missing character: There is no  (U+53D1) in font Times New Roman/OT:script=lat
n;language=dflt;mapping=tex-text;!
Missing character: There is no  (U+751F) in font Times New Roman/OT:script=lat
n;language=dflt;mapping=tex-text;!
Missing character: There is no  (U+3001) in font Times New Roman/OT:script=lat
n;language=dflt;mapping=tex-text;!
Missing character: There is no  (U+3001) in font Times New Roman/OT:script=lat
n;language=dflt;mapping=tex-text;!
Missing character: There is no  (U+4E0E) in font Times New Roman/OT:script=lat
n;language=dflt;mapping=tex-text;!
Missing character: There is no  (U+3001) in font Times New Roman/OT:script=lat
n;language=dflt;mapping=tex-text;!
Missing character: There is no  (U+3001) in font Times New Roman/OT:script=lat
n;language=dflt;mapping=tex-text;!
Missing character: There is no  (U+4E00) in font Times New Roman/OT:script=lat
n;language=dflt;mapping=tex-text;!
Missing character: There is no  (U+8D77) in font Times New Roman/OT:script=lat
n;language=dflt;mapping=tex-text;!
Missing character: There is no  (U+53D1) in font Times New Roman/OT:script=lat
n;language=dflt;mapping=tex-text;!
Missing character: There is no  (U+751F) in font Times New Roman/OT:script=lat
n;language=dflt;mapping=tex-text;!


[272]

LaTeX Warning: Citation 'garrison1929' on page 273 undefined on input line 95.



[273]

LaTeX Warning: Citation 'werzberger1992' on page 274 undefined on input line 12
1.



[274]

LaTeX Warning: Citation 'berry1961' on page 275 undefined on input line 150.



[275]

LaTeX Warning: Citation 'stampfer1994' on page 276 undefined on input line 167.



LaTeX Warning: Citation 'matthews1999' on page 276 undefined on input line 183.



Underfull \vbox (badness 10000) has occurred while \output is active []



[276]) (./chapter12/section12-3.tex

[277]
Underfull \vbox (badness 1648) has occurred while \output is active []



[278]

LaTeX Warning: Empty bibliography on input line 68.

)

[279]

[280

]
Chapter 13.
(./chapter13/section13-1.tex

LaTeX Warning: Citation 'aristotle1950' on page 281 undefined on input line 9.


LaTeX Warning: Citation 'einstein1935' on page 281 undefined on input line 12.


Underfull \vbox (badness 10000) has occurred while \output is active []



[281]) (./chapter13/section13-2.tex

[282]

LaTeX Warning: Citation 'crombie1960' on page 283 undefined on input line 24.


LaTeX Warning: Citation 'popper1935' on page 283 undefined on input line 34.



[283]) (./chapter13/section13-3.tex

[284]

LaTeX Warning: Citation 'kuhn1957' on page 285 undefined on input line 14.


LaTeX Warning: Citation 'blanshard1939' on page 285 undefined on input line 24.



LaTeX Warning: Citation 'braithwaite1960' on page 285 undefined on input line 2
9.


Underfull \vbox (badness 1648) has occurred while \output is active []



[285]

LaTeX Warning: Citation 'eddington1919' on page 286 undefined on input line 35.



LaTeX Warning: Citation 'kuhn1957b' on page 286 undefined on input line 38.


Underfull \vbox (badness 10000) has occurred while \output is active []



[286]) (./chapter13/section13-4.tex

[287]

LaTeX Warning: Citation 'peirce1958' on page 288 undefined on input line 31.



[288]

LaTeX Warning: Citation 'capecchi1994' on page 289 undefined on input line 41.


LaTeX Warning: Citation 'doyle1927' on page 289 undefined on input line 44.


LaTeX Warning: Citation 'doyle1927b' on page 289 undefined on input line 44.



[289]
Underfull \vbox (badness 10000) has occurred while \output is active []



[290]) (./chapter13/section13-5.tex

LaTeX Warning: Citation 'watson1968' on page 291 undefined on input line 9.



[291]

LaTeX Warning: Citation 'watson1968b' on page 292 undefined on input line 19.


LaTeX Warning: Citation 'watson1968c' on page 292 undefined on input line 22.



[292]

LaTeX Warning: Citation 'watson1968d' on page 293 undefined on input line 38.

Missing character: There is no  (U+3001) in font Times New Roman/OT:script=lat
n;language=dflt;mapping=tex-text;!


[293]

LaTeX Warning: Citation 'watson1968e' on page 294 undefined on input line 61.


LaTeX Warning: Citation 'watson1968f' on page 294 undefined on input line 63.

File: images/2025_05_15_6a28331d5e7c993ad07ag-590.jpg Graphic file (type bmp)
<images/2025_05_15_6a28331d5e7c993ad07ag-590.jpg>

Underfull \vbox (badness 10000) has occurred while \output is active []



[294]
Overfull \vbox (591.75516pt too high) has occurred while \output is active []



[295]

LaTeX Warning: Citation 'watson1953' on page 296 undefined on input line 74.


Underfull \vbox (badness 10000) has occurred while \output is active []



[296]) (./chapter13/section13-6.tex

[297]

LaTeX Warning: Citation 'miller1981' on page 298 undefined on input line 16.


LaTeX Warning: Citation 'hawking1974' on page 298 undefined on input line 20.


Underfull \vbox (badness 10000) has occurred while \output is active []



[298]

LaTeX Warning: Citation 'leverrier1992' on page 299 undefined on input line 35.



LaTeX Warning: Citation 'einstein1915' on page 299 undefined on input line 38.


LaTeX Warning: Citation 'popper1963' on page 299 undefined on input line 42.



[299]
Underfull \vbox (badness 10000) has occurred while \output is active []



[300]) (./chapter13/section13-7.tex

[301]

LaTeX Warning: Citation 'collingwood1939' on page 302 undefined on input line 1
9.


Underfull \vbox (badness 10000) has occurred while \output is active []



[302]

[303]

LaTeX Warning: Empty bibliography on input line 78.

)

[304]
Chapter 14.
(./chapter14/section14-1.tex

[305

]

[306]
Missing character: There is no  (U+786C) in font Times New Roman/OT:script=lat
n;language=dflt;mapping=tex-text;!
Missing character: There is no  (U+5E01) in font Times New Roman/OT:script=lat
n;language=dflt;mapping=tex-text;!
Missing character: There is no  (U+6B63) in font Times New Roman/OT:script=lat
n;language=dflt;mapping=tex-text;!
Missing character: There is no  (U+9762) in font Times New Roman/OT:script=lat
n;language=dflt;mapping=tex-text;!

Underfull \vbox (badness 10000) has occurred while \output is active []



[307]) (./chapter14/section14-2.tex

[308]
Underfull \vbox (badness 10000) has occurred while \output is active []



[309]) (./chapter14/section14-3.tex

[310]

Package fontspec Info: 
(fontspec)             Script 'CJK' not explicitly supported within font
(fontspec)             'STSong'. Check the typeset output, and if it is okay
(fontspec)             then ignore this warning. Otherwise a different font
(fontspec)             should be chosen.


Package fontspec Info: 
(fontspec)             Could not resolve font "STSong/BI" (it probably doesn't
(fontspec)             exist).


Package fontspec Info: 
(fontspec)             Could not resolve font "STSong/B" (it probably doesn't
(fontspec)             exist).


Package fontspec Info: 
(fontspec)             Could not resolve font "STSong/I" (it probably doesn't
(fontspec)             exist).



LaTeX Font Warning: Command \normalsize invalid in math mode on input line 36.


Package fontspec Info: 
(fontspec)             Font family 'STSong(1)' created for font 'STSong' with
(fontspec)             options [Script={CJK}].
(fontspec)              
(fontspec)              This font family consists of the following NFSS
(fontspec)             series/shapes:
(fontspec)              
(fontspec)             - 'normal' (m/n) with NFSS spec.:
(fontspec)             <->"STSong/OT:script=hani;language=dflt;"

Missing character: There is no  (U+3001) in font Times New Roman/OT:script=lat
n;language=dflt;mapping=tex-text;!
Missing character: There is no  (U+3001) in font Times New Roman/OT:script=lat
n;language=dflt;mapping=tex-text;!
Missing character: There is no  (U+3001) in font Times New Roman/OT:script=lat
n;language=dflt;mapping=tex-text;!
Missing character: There is no  (U+3001) in font Times New Roman/OT:script=lat
n;language=dflt;mapping=tex-text;!
Missing character: There is no  (U+3001) in font Times New Roman/OT:script=lat
n;language=dflt;mapping=tex-text;!
Missing character: There is no  (U+3001) in font Times New Roman/OT:script=lat
n;language=dflt;mapping=tex-text;!


[311]
Missing character: There is no  (U+3001) in font Times New Roman/OT:script=lat
n;language=dflt;mapping=tex-text;!


[312]

LaTeX Warning: Citation 'ayala1993' on page 313 undefined on input line 101.

Missing character: There is no  (U+3001) in font Times New Roman/OT:script=lat
n;language=dflt;mapping=tex-text;!
Missing character: There is no  (U+3001) in font Times New Roman/OT:script=lat
n;language=dflt;mapping=tex-text;!
Missing character: There is no  (U+3001) in font Times New Roman/OT:script=lat
n;language=dflt;mapping=tex-text;!

Underfull \vbox (badness 10000) has occurred while \output is active []



[313]) (./chapter14/section14-4.tex

[314]

[315]

[316]
Missing character: There is no  (U+3001) in font Times New Roman/OT:script=lat
n;language=dflt;mapping=tex-text;!
Missing character: There is no  (U+3001) in font Times New Roman/OT:script=lat
n;language=dflt;mapping=tex-text;!
Missing character: There is no  (U+3001) in font Times New Roman/OT:script=lat
n;language=dflt;mapping=tex-text;!
Missing character: There is no  (U+3001) in font Times New Roman/OT:script=lat
n;language=dflt;mapping=tex-text;!
Missing character: There is no  (U+3001) in font Times New Roman/OT:script=lat
n;language=dflt;mapping=tex-text;!
Missing character: There is no  (U+3001) in font Times New Roman/OT:script=lat
n;language=dflt;mapping=tex-text;!
Missing character: There is no  (U+3001) in font Times New Roman/OT:script=lat
n;language=dflt;mapping=tex-text;!
Missing character: There is no  (U+3001) in font Times New Roman/OT:script=lat
n;language=dflt;mapping=tex-text;!
Missing character: There is no  (U+3001) in font Times New Roman/OT:script=lat
n;language=dflt;mapping=tex-text;!
Missing character: There is no  (U+3001) in font Times New Roman/OT:script=lat
n;language=dflt;mapping=tex-text;!
Missing character: There is no  (U+3001) in font Times New Roman/OT:script=lat
n;language=dflt;mapping=tex-text;!
Missing character: There is no  (U+3001) in font Times New Roman/OT:script=lat
n;language=dflt;mapping=tex-text;!
Missing character: There is no  (U+3001) in font Times New Roman/OT:script=lat
n;language=dflt;mapping=tex-text;!


[317]
Missing character: There is no  (U+3001) in font Times New Roman/OT:script=lat
n;language=dflt;mapping=tex-text;!
Missing character: There is no  (U+3001) in font Times New Roman/OT:script=lat
n;language=dflt;mapping=tex-text;!
Missing character: There is no  (U+3001) in font Times New Roman/OT:script=lat
n;language=dflt;mapping=tex-text;!
Missing character: There is no  (U+3001) in font Times New Roman/OT:script=lat
n;language=dflt;mapping=tex-text;!
Missing character: There is no  (U+3001) in font Times New Roman/OT:script=lat
n;language=dflt;mapping=tex-text;!
Missing character: There is no  (U+3001) in font Times New Roman/OT:script=lat
n;language=dflt;mapping=tex-text;!
Missing character: There is no  (U+3001) in font Times New Roman/OT:script=lat
n;language=dflt;mapping=tex-text;!
Missing character: There is no  (U+3001) in font Times New Roman/OT:script=lat
n;language=dflt;mapping=tex-text;!
) (./chapter14/section14-5.tex
Underfull \vbox (badness 6592) has occurred while \output is active []



[318]

[319]
Underfull \vbox (badness 10000) has occurred while \output is active []



[320]) (./chapter14/summary.tex

[321]) (./chapter14/notes.tex

[322]

LaTeX Warning: Citation 'hacking1975' on page 323 undefined on input line 27.


LaTeX Warning: Citation 'gigerenzer2002' on page 323 undefined on input line 28
.


LaTeX Warning: Citation 'kahneman2011' on page 323 undefined on input line 29.


LaTeX Warning: Citation 'pearl2000' on page 323 undefined on input line 30.


LaTeX Warning: Citation 'ayala1993' on page 323 undefined on input line 37.


LaTeX Warning: Citation 'rose1972' on page 323 undefined on input line 39.


LaTeX Warning: Citation 'dale1974' on page 323 undefined on input line 39.


LaTeX Warning: Citation 'faber1976' on page 323 undefined on input line 39.


LaTeX Warning: Citation 'goldberg1976' on page 323 undefined on input line 39.

)

[323]

[324]

LaTeX Warning: Empty bibliography on input line 319.



[325


] (./main.aux)
 ***********
LaTeX2e <2024-11-01> patch level 2
L3 programming layer <2022/08/05>
 ***********


LaTeX Font Warning: Some font shapes were not available, defaults substituted.


LaTeX Warning: There were undefined references.


Package rerunfilecheck Warning: File `main.out' has changed.
(rerunfilecheck)                Rerun to get outlines right
(rerunfilecheck)                or use package `bookmark'.

Package rerunfilecheck Info: Checksums for `main.out':
(rerunfilecheck)             Before: D41D8CD98F00B204E9800998ECF8427E;0
(rerunfilecheck)             After:  F381E434DBE6FF35750E294AEFECBAB9;64626.

Package biblatex Warning: Please (re)run Biber on the file:
(biblatex)                main
(biblatex)                and rerun LaTeX afterwards.

Package logreq Info: Writing requests to 'main.run.xml'.
\openout1 = `main.run.xml'.

 ) 
Here is how much of TeX's memory you used:
 30946 strings out of 473832
 692038 string characters out of 5729481
 1648749 words of memory out of 5000000
 53218 multiletter control sequences out of 15000+600000
 575727 words of font info for 149 fonts, out of 8000000 for 9000
 1348 hyphenation exceptions out of 8191
 74i,16n,96p,922b,3742s stack positions out of 10000i,1000n,20000p,200000b,200000s

Output written on main.pdf (331 pages).
